<?xml version="1.0" encoding="UTF-8"?>
<coverage generated="1655827712">
  <project timestamp="1655827712">
    <file name="E:\codes-sources\dimtrov.dev\www\dimtrov\blitz\framework\src\Cache\Cache.php">
      <line num="85" type="stmt" count="0"/>
      <line num="93" type="stmt" count="0"/>
      <line num="94" type="stmt" count="0"/>
      <line num="96" type="stmt" count="0"/>
      <line num="105" type="stmt" count="0"/>
      <line num="108" type="stmt" count="0"/>
      <line num="111" type="stmt" count="0"/>
      <line num="114" type="stmt" count="0"/>
      <line num="117" type="stmt" count="0"/>
      <line num="118" type="stmt" count="0"/>
      <line num="121" type="stmt" count="0"/>
      <line num="125" type="stmt" count="0"/>
      <line num="128" type="stmt" count="0"/>
      <line num="131" type="stmt" count="0"/>
      <line num="133" type="stmt" count="0"/>
      <line num="135" type="stmt" count="0"/>
      <line num="142" type="stmt" count="0"/>
      <line num="151" type="stmt" count="0"/>
      <line num="154" type="stmt" count="0"/>
      <line num="178" type="stmt" count="0"/>
      <line num="181" type="stmt" count="0"/>
      <line num="182" type="stmt" count="0"/>
      <line num="191" type="stmt" count="0"/>
      <line num="194" type="stmt" count="0"/>
      <line num="202" type="stmt" count="0"/>
      <line num="227" type="stmt" count="0"/>
      <line num="235" type="stmt" count="0"/>
      <line num="252" type="stmt" count="0"/>
      <line num="260" type="stmt" count="0"/>
      <line num="277" type="stmt" count="0"/>
      <line num="285" type="stmt" count="0"/>
      <line num="301" type="stmt" count="0"/>
      <line num="304" type="stmt" count="0"/>
      <line num="320" type="stmt" count="0"/>
      <line num="323" type="stmt" count="0"/>
      <line num="341" type="stmt" count="0"/>
      <line num="361" type="stmt" count="0"/>
      <line num="369" type="stmt" count="0"/>
      <line num="377" type="stmt" count="0"/>
      <line num="385" type="stmt" count="0"/>
      <line num="395" type="stmt" count="0"/>
      <line num="405" type="stmt" count="0"/>
      <line num="413" type="stmt" count="0"/>
      <line num="442" type="stmt" count="0"/>
      <line num="444" type="stmt" count="0"/>
      <line num="446" type="stmt" count="0"/>
      <line num="447" type="stmt" count="0"/>
      <line num="449" type="stmt" count="0"/>
      <line num="468" type="stmt" count="0"/>
      <line num="471" type="stmt" count="0"/>
      <line num="490" type="stmt" count="0"/>
    </file>
    <file name="E:\codes-sources\dimtrov.dev\www\dimtrov\blitz\framework\src\Cache\Handlers\BaseHandler.php">
      <line num="92" type="stmt" count="0"/>
      <line num="95" type="stmt" count="0"/>
      <line num="96" type="stmt" count="0"/>
      <line num="99" type="stmt" count="0"/>
      <line num="102" type="stmt" count="0"/>
      <line num="110" type="stmt" count="0"/>
      <line num="121" type="stmt" count="0"/>
      <line num="124" type="stmt" count="0"/>
      <line num="126" type="stmt" count="0"/>
      <line num="144" type="stmt" count="0"/>
      <line num="149" type="stmt" count="0"/>
      <line num="151" type="stmt" count="0"/>
      <line num="163" type="stmt" count="0"/>
      <line num="166" type="stmt" count="0"/>
      <line num="169" type="stmt" count="0"/>
      <line num="171" type="stmt" count="0"/>
      <line num="183" type="stmt" count="0"/>
      <line num="199" type="stmt" count="0"/>
      <line num="201" type="stmt" count="0"/>
      <line num="204" type="stmt" count="0"/>
      <line num="207" type="stmt" count="0"/>
      <line num="225" type="stmt" count="0"/>
      <line num="228" type="stmt" count="0"/>
      <line num="229" type="stmt" count="0"/>
      <line num="234" type="stmt" count="0"/>
      <line num="236" type="stmt" count="0"/>
      <line num="240" type="stmt" count="0"/>
      <line num="243" type="stmt" count="0"/>
      <line num="264" type="stmt" count="0"/>
      <line num="266" type="stmt" count="0"/>
      <line num="270" type="stmt" count="0"/>
      <line num="274" type="stmt" count="0"/>
      <line num="291" type="stmt" count="0"/>
      <line num="340" type="stmt" count="0"/>
      <line num="342" type="stmt" count="0"/>
      <line num="345" type="stmt" count="0"/>
      <line num="362" type="stmt" count="0"/>
      <line num="379" type="stmt" count="0"/>
      <line num="381" type="stmt" count="0"/>
      <line num="383" type="stmt" count="0"/>
      <line num="385" type="stmt" count="0"/>
      <line num="387" type="stmt" count="0"/>
      <line num="397" type="stmt" count="0"/>
      <line num="400" type="stmt" count="0"/>
      <line num="412" type="stmt" count="0"/>
      <line num="415" type="stmt" count="0"/>
      <line num="418" type="stmt" count="0"/>
      <line num="421" type="stmt" count="0"/>
    </file>
    <file name="E:\codes-sources\dimtrov.dev\www\dimtrov\blitz\framework\src\Cache\Handlers\Dummy.php">
      <line num="26" type="stmt" count="0"/>
      <line num="34" type="stmt" count="0"/>
      <line num="42" type="stmt" count="0"/>
      <line num="50" type="stmt" count="0"/>
      <line num="58" type="stmt" count="0"/>
      <line num="66" type="stmt" count="0"/>
      <line num="74" type="stmt" count="0"/>
      <line num="82" type="stmt" count="0"/>
      <line num="90" type="stmt" count="0"/>
      <line num="98" type="stmt" count="0"/>
      <line num="106" type="stmt" count="0"/>
      <line num="114" type="stmt" count="0"/>
    </file>
    <file name="E:\codes-sources\dimtrov.dev\www\dimtrov\blitz\framework\src\Cache\Handlers\File.php">
      <line num="70" type="stmt" count="0"/>
      <line num="73" type="stmt" count="0"/>
      <line num="76" type="stmt" count="0"/>
      <line num="79" type="stmt" count="0"/>
      <line num="82" type="stmt" count="0"/>
      <line num="91" type="stmt" count="0"/>
      <line num="94" type="stmt" count="0"/>
      <line num="97" type="stmt" count="0"/>
      <line num="101" type="stmt" count="0"/>
      <line num="104" type="stmt" count="0"/>
      <line num="105" type="stmt" count="0"/>
      <line num="109" type="stmt" count="0"/>
      <line num="113" type="stmt" count="0"/>
      <line num="116" type="stmt" count="0"/>
      <line num="119" type="stmt" count="0"/>
      <line num="121" type="stmt" count="0"/>
      <line num="123" type="stmt" count="0"/>
      <line num="131" type="stmt" count="0"/>
      <line num="134" type="stmt" count="0"/>
      <line num="139" type="stmt" count="0"/>
      <line num="143" type="stmt" count="0"/>
      <line num="144" type="stmt" count="0"/>
      <line num="145" type="stmt" count="0"/>
      <line num="149" type="stmt" count="0"/>
      <line num="152" type="stmt" count="0"/>
      <line num="155" type="stmt" count="0"/>
      <line num="156" type="stmt" count="0"/>
      <line num="160" type="stmt" count="0"/>
      <line num="161" type="stmt" count="0"/>
      <line num="165" type="stmt" count="0"/>
      <line num="168" type="stmt" count="0"/>
      <line num="171" type="stmt" count="0"/>
      <line num="174" type="stmt" count="0"/>
      <line num="182" type="stmt" count="0"/>
      <line num="185" type="stmt" count="0"/>
      <line num="189" type="stmt" count="0"/>
      <line num="190" type="stmt" count="0"/>
      <line num="193" type="stmt" count="0"/>
      <line num="197" type="stmt" count="0"/>
      <line num="207" type="stmt" count="0"/>
      <line num="209" type="stmt" count="0"/>
      <line num="211" type="stmt" count="0"/>
      <line num="216" type="stmt" count="0"/>
      <line num="220" type="stmt" count="0"/>
      <line num="221" type="stmt" count="0"/>
      <line num="225" type="stmt" count="0"/>
      <line num="227" type="stmt" count="0"/>
      <line num="230" type="stmt" count="0"/>
      <line num="232" type="stmt" count="0"/>
      <line num="234" type="stmt" count="0"/>
      <line num="237" type="stmt" count="0"/>
      <line num="239" type="stmt" count="0"/>
      <line num="240" type="stmt" count="0"/>
      <line num="244" type="stmt" count="0"/>
      <line num="249" type="stmt" count="0"/>
      <line num="251" type="stmt" count="0"/>
      <line num="260" type="stmt" count="0"/>
      <line num="263" type="stmt" count="0"/>
      <line num="265" type="stmt" count="0"/>
      <line num="268" type="stmt" count="0"/>
      <line num="272" type="stmt" count="0"/>
      <line num="276" type="stmt" count="0"/>
      <line num="278" type="stmt" count="0"/>
      <line num="282" type="stmt" count="0"/>
      <line num="283" type="stmt" count="0"/>
      <line num="286" type="stmt" count="0"/>
      <line num="291" type="stmt" count="0"/>
      <line num="301" type="stmt" count="0"/>
      <line num="311" type="stmt" count="0"/>
      <line num="324" type="stmt" count="0"/>
      <line num="326" type="stmt" count="0"/>
      <line num="328" type="stmt" count="0"/>
      <line num="331" type="stmt" count="0"/>
      <line num="334" type="stmt" count="0"/>
      <line num="337" type="stmt" count="0"/>
      <line num="344" type="stmt" count="0"/>
      <line num="347" type="stmt" count="0"/>
      <line num="349" type="stmt" count="0"/>
      <line num="351" type="stmt" count="0"/>
      <line num="353" type="stmt" count="0"/>
      <line num="360" type="stmt" count="0"/>
      <line num="364" type="stmt" count="0"/>
      <line num="372" type="stmt" count="0"/>
      <line num="373" type="stmt" count="0"/>
      <line num="374" type="stmt" count="0"/>
      <line num="377" type="stmt" count="0"/>
      <line num="381" type="stmt" count="0"/>
      <line num="383" type="stmt" count="0"/>
      <line num="387" type="stmt" count="0"/>
      <line num="390" type="stmt" count="0"/>
      <line num="398" type="stmt" count="0"/>
      <line num="404" type="stmt" count="0"/>
      <line num="407" type="stmt" count="0"/>
      <line num="415" type="stmt" count="0"/>
      <line num="417" type="stmt" count="0"/>
      <line num="419" type="stmt" count="0"/>
      <line num="423" type="stmt" count="0"/>
      <line num="428" type="stmt" count="0"/>
      <line num="432" type="stmt" count="0"/>
      <line num="434" type="stmt" count="0"/>
      <line num="440" type="stmt" count="0"/>
      <line num="442" type="stmt" count="0"/>
      <line num="444" type="stmt" count="0"/>
      <line num="447" type="stmt" count="0"/>
      <line num="448" type="stmt" count="0"/>
      <line num="450" type="stmt" count="0"/>
      <line num="455" type="stmt" count="0"/>
      <line num="457" type="stmt" count="0"/>
    </file>
    <file name="E:\codes-sources\dimtrov.dev\www\dimtrov\blitz\framework\src\Config\Config.php">
      <line num="39" type="stmt" count="0"/>
      <line num="49" type="stmt" count="2"/>
      <line num="52" type="stmt" count="2"/>
      <line num="55" type="stmt" count="0"/>
      <line num="56" type="stmt" count="0"/>
      <line num="58" type="stmt" count="0"/>
      <line num="68" type="stmt" count="0"/>
      <line num="76" type="stmt" count="0"/>
      <line num="78" type="stmt" count="0"/>
      <line num="91" type="stmt" count="0"/>
      <line num="94" type="stmt" count="0"/>
      <line num="95" type="stmt" count="0"/>
      <line num="97" type="stmt" count="0"/>
      <line num="98" type="stmt" count="0"/>
      <line num="100" type="stmt" count="0"/>
      <line num="104" type="stmt" count="0"/>
      <line num="107" type="stmt" count="0"/>
      <line num="109" type="stmt" count="0"/>
      <line num="113" type="stmt" count="0"/>
      <line num="116" type="stmt" count="0"/>
      <line num="117" type="stmt" count="0"/>
      <line num="119" type="stmt" count="0"/>
      <line num="132" type="stmt" count="0"/>
      <line num="134" type="stmt" count="0"/>
      <line num="137" type="stmt" count="0"/>
      <line num="146" type="stmt" count="0"/>
      <line num="149" type="stmt" count="0"/>
      <line num="157" type="stmt" count="0"/>
      <line num="159" type="stmt" count="0"/>
      <line num="162" type="stmt" count="0"/>
      <line num="164" type="stmt" count="0"/>
      <line num="167" type="stmt" count="0"/>
      <line num="184" type="stmt" count="0"/>
      <line num="185" type="stmt" count="0"/>
      <line num="188" type="stmt" count="0"/>
      <line num="191" type="stmt" count="0"/>
      <line num="199" type="stmt" count="0"/>
      <line num="200" type="stmt" count="0"/>
      <line num="201" type="stmt" count="0"/>
      <line num="204" type="stmt" count="0"/>
      <line num="206" type="stmt" count="0"/>
      <line num="210" type="stmt" count="0"/>
      <line num="213" type="stmt" count="0"/>
      <line num="221" type="stmt" count="0"/>
      <line num="222" type="stmt" count="0"/>
      <line num="224" type="stmt" count="0"/>
      <line num="225" type="stmt" count="0"/>
      <line num="226" type="stmt" count="0"/>
      <line num="235" type="stmt" count="0"/>
      <line num="237" type="stmt" count="0"/>
      <line num="241" type="stmt" count="0"/>
      <line num="244" type="stmt" count="0"/>
      <line num="252" type="stmt" count="0"/>
      <line num="255" type="stmt" count="0"/>
      <line num="257" type="stmt" count="0"/>
      <line num="259" type="stmt" count="0"/>
      <line num="263" type="stmt" count="0"/>
      <line num="268" type="stmt" count="0"/>
      <line num="269" type="stmt" count="0"/>
      <line num="270" type="stmt" count="0"/>
      <line num="274" type="stmt" count="0"/>
      <line num="275" type="stmt" count="0"/>
      <line num="276" type="stmt" count="0"/>
      <line num="279" type="stmt" count="0"/>
      <line num="289" type="stmt" count="0"/>
      <line num="291" type="stmt" count="0"/>
      <line num="295" type="stmt" count="0"/>
      <line num="298" type="stmt" count="0"/>
    </file>
    <file name="E:\codes-sources\dimtrov.dev\www\dimtrov\blitz\framework\src\Config\Configurator.php">
      <line num="59" type="stmt" count="0"/>
      <line num="60" type="stmt" count="0"/>
      <line num="70" type="stmt" count="0"/>
      <line num="73" type="stmt" count="0"/>
      <line num="82" type="stmt" count="0"/>
      <line num="84" type="stmt" count="0"/>
      <line num="94" type="stmt" count="0"/>
      <line num="97" type="stmt" count="0"/>
      <line num="99" type="stmt" count="0"/>
      <line num="109" type="stmt" count="2"/>
      <line num="111" type="stmt" count="2"/>
      <line num="115" type="stmt" count="2"/>
      <line num="117" type="stmt" count="0"/>
      <line num="127" type="stmt" count="2"/>
      <line num="129" type="stmt" count="2"/>
      <line num="133" type="stmt" count="2"/>
      <line num="135" type="stmt" count="0"/>
      <line num="144" type="stmt" count="0"/>
      <line num="145" type="stmt" count="0"/>
      <line num="158" type="stmt" count="0"/>
      <line num="159" type="stmt" count="0"/>
      <line num="160" type="stmt" count="0"/>
      <line num="162" type="stmt" count="0"/>
      <line num="164" type="stmt" count="0"/>
      <line num="166" type="stmt" count="0"/>
      <line num="182" type="stmt" count="0"/>
      <line num="187" type="stmt" count="0"/>
      <line num="191" type="stmt" count="0"/>
      <line num="200" type="stmt" count="0"/>
    </file>
    <file name="E:\codes-sources\dimtrov.dev\www\dimtrov\blitz\framework\src\Config\UnknownOptionException.php">
      <line num="26" type="stmt" count="0"/>
      <line num="28" type="stmt" count="0"/>
      <line num="33" type="stmt" count="0"/>
    </file>
    <file name="E:\codes-sources\dimtrov.dev\www\dimtrov\blitz\framework\src\Constants\constants.php">
      <line num="12" type="stmt" count="0"/>
      <line num="14" type="stmt" count="0"/>
      <line num="16" type="stmt" count="0"/>
      <line num="21" type="stmt" count="0"/>
      <line num="26" type="stmt" count="0"/>
      <line num="31" type="stmt" count="0"/>
      <line num="36" type="stmt" count="0"/>
      <line num="41" type="stmt" count="0"/>
      <line num="46" type="stmt" count="0"/>
      <line num="51" type="stmt" count="0"/>
      <line num="56" type="stmt" count="0"/>
      <line num="61" type="stmt" count="0"/>
      <line num="67" type="stmt" count="0"/>
      <line num="74" type="stmt" count="0"/>
      <line num="81" type="stmt" count="0"/>
      <line num="88" type="stmt" count="0"/>
      <line num="95" type="stmt" count="0"/>
      <line num="102" type="stmt" count="0"/>
      <line num="109" type="stmt" count="0"/>
      <line num="116" type="stmt" count="0"/>
      <line num="123" type="stmt" count="0"/>
      <line num="130" type="stmt" count="0"/>
      <line num="137" type="stmt" count="0"/>
      <line num="144" type="stmt" count="0"/>
      <line num="151" type="stmt" count="0"/>
      <line num="158" type="stmt" count="0"/>
      <line num="174" type="stmt" count="0"/>
      <line num="184" type="stmt" count="0"/>
      <line num="194" type="stmt" count="0"/>
      <line num="195" type="stmt" count="0"/>
      <line num="196" type="stmt" count="0"/>
      <line num="197" type="stmt" count="0"/>
      <line num="198" type="stmt" count="0"/>
      <line num="199" type="stmt" count="0"/>
      <line num="200" type="stmt" count="0"/>
      <line num="201" type="stmt" count="0"/>
      <line num="228" type="stmt" count="0"/>
      <line num="229" type="stmt" count="0"/>
      <line num="230" type="stmt" count="0"/>
      <line num="231" type="stmt" count="0"/>
      <line num="232" type="stmt" count="0"/>
      <line num="233" type="stmt" count="0"/>
      <line num="234" type="stmt" count="0"/>
      <line num="235" type="stmt" count="0"/>
      <line num="236" type="stmt" count="0"/>
      <line num="237" type="stmt" count="0"/>
    </file>
    <file name="E:\codes-sources\dimtrov.dev\www\dimtrov\blitz\framework\src\Constants\language\en\Cache.php">
      <line num="17" type="stmt" count="0"/>
    </file>
    <file name="E:\codes-sources\dimtrov.dev\www\dimtrov\blitz\framework\src\Constants\language\en\Cast.php">
      <line num="22" type="stmt" count="0"/>
    </file>
    <file name="E:\codes-sources\dimtrov.dev\www\dimtrov\blitz\framework\src\Constants\language\en\CLI.php">
      <line num="48" type="stmt" count="0"/>
    </file>
    <file name="E:\codes-sources\dimtrov.dev\www\dimtrov\blitz\framework\src\Constants\language\en\Config.php">
      <line num="16" type="stmt" count="0"/>
    </file>
    <file name="E:\codes-sources\dimtrov.dev\www\dimtrov\blitz\framework\src\Constants\language\en\Cookie.php">
      <line num="24" type="stmt" count="0"/>
    </file>
    <file name="E:\codes-sources\dimtrov.dev\www\dimtrov\blitz\framework\src\Constants\language\en\Core.php">
      <line num="20" type="stmt" count="0"/>
    </file>
    <file name="E:\codes-sources\dimtrov.dev\www\dimtrov\blitz\framework\src\Constants\language\en\Database.php">
      <line num="30" type="stmt" count="0"/>
    </file>
    <file name="E:\codes-sources\dimtrov.dev\www\dimtrov\blitz\framework\src\Constants\language\en\Email.php">
      <line num="33" type="stmt" count="0"/>
    </file>
    <file name="E:\codes-sources\dimtrov.dev\www\dimtrov\blitz\framework\src\Constants\language\en\Encryption.php">
      <line num="20" type="stmt" count="0"/>
    </file>
    <file name="E:\codes-sources\dimtrov.dev\www\dimtrov\blitz\framework\src\Constants\language\en\Fabricator.php">
      <line num="17" type="stmt" count="0"/>
    </file>
    <file name="E:\codes-sources\dimtrov.dev\www\dimtrov\blitz\framework\src\Constants\language\en\Files.php">
      <line num="18" type="stmt" count="0"/>
    </file>
    <file name="E:\codes-sources\dimtrov.dev\www\dimtrov\blitz\framework\src\Constants\language\en\Format.php">
      <line num="18" type="stmt" count="0"/>
    </file>
    <file name="E:\codes-sources\dimtrov.dev\www\dimtrov\blitz\framework\src\Constants\language\en\HTTP.php">
      <line num="78" type="stmt" count="0"/>
    </file>
    <file name="E:\codes-sources\dimtrov.dev\www\dimtrov\blitz\framework\src\Constants\language\en\Images.php">
      <line num="34" type="stmt" count="0"/>
    </file>
    <file name="E:\codes-sources\dimtrov.dev\www\dimtrov\blitz\framework\src\Constants\language\en\Loader.php">
      <line num="15" type="stmt" count="0"/>
    </file>
    <file name="E:\codes-sources\dimtrov.dev\www\dimtrov\blitz\framework\src\Constants\language\en\Log.php">
      <line num="16" type="stmt" count="0"/>
    </file>
    <file name="E:\codes-sources\dimtrov.dev\www\dimtrov\blitz\framework\src\Constants\language\en\Migrations.php">
      <line num="57" type="stmt" count="0"/>
    </file>
    <file name="E:\codes-sources\dimtrov.dev\www\dimtrov\blitz\framework\src\Constants\language\en\Number.php">
      <line num="26" type="stmt" count="0"/>
    </file>
    <file name="E:\codes-sources\dimtrov.dev\www\dimtrov\blitz\framework\src\Constants\language\en\Pager.php">
      <line num="23" type="stmt" count="0"/>
    </file>
    <file name="E:\codes-sources\dimtrov.dev\www\dimtrov\blitz\framework\src\Constants\language\en\Publisher.php">
      <line num="22" type="stmt" count="0"/>
    </file>
    <file name="E:\codes-sources\dimtrov.dev\www\dimtrov\blitz\framework\src\Constants\language\en\RESTful.php">
      <line num="15" type="stmt" count="0"/>
    </file>
    <file name="E:\codes-sources\dimtrov.dev\www\dimtrov\blitz\framework\src\Constants\language\en\Router.php">
      <line num="16" type="stmt" count="0"/>
    </file>
    <file name="E:\codes-sources\dimtrov.dev\www\dimtrov\blitz\framework\src\Constants\language\en\Security.php">
      <line num="18" type="stmt" count="0"/>
    </file>
    <file name="E:\codes-sources\dimtrov.dev\www\dimtrov\blitz\framework\src\Constants\language\en\Session.php">
      <line num="22" type="stmt" count="0"/>
    </file>
    <file name="E:\codes-sources\dimtrov.dev\www\dimtrov\blitz\framework\src\Constants\language\en\Test.php">
      <line num="15" type="stmt" count="0"/>
    </file>
    <file name="E:\codes-sources\dimtrov.dev\www\dimtrov\blitz\framework\src\Constants\language\en\Time.php">
      <line num="33" type="stmt" count="0"/>
    </file>
    <file name="E:\codes-sources\dimtrov.dev\www\dimtrov\blitz\framework\src\Constants\language\en\Validation.php">
      <line num="72" type="stmt" count="0"/>
    </file>
    <file name="E:\codes-sources\dimtrov.dev\www\dimtrov\blitz\framework\src\Constants\language\en\View.php">
      <line num="20" type="stmt" count="0"/>
    </file>
    <file name="E:\codes-sources\dimtrov.dev\www\dimtrov\blitz\framework\src\Constants\providers.php">
      <line num="18" type="stmt" count="0"/>
    </file>
    <file name="E:\codes-sources\dimtrov.dev\www\dimtrov\blitz\framework\src\Constants\schemas\app.config.php">
      <line num="27" type="stmt" count="0"/>
    </file>
    <file name="E:\codes-sources\dimtrov.dev\www\dimtrov\blitz\framework\src\Constants\schemas\rest.config.php">
      <line num="25" type="stmt" count="0"/>
    </file>
    <file name="E:\codes-sources\dimtrov.dev\www\dimtrov\blitz\framework\src\Controllers\ApplicationController.php">
      <line num="43" type="stmt" count="0"/>
      <line num="44" type="stmt" count="0"/>
      <line num="45" type="stmt" count="0"/>
      <line num="47" type="stmt" count="0"/>
      <line num="49" type="stmt" count="0"/>
      <line num="52" type="stmt" count="0"/>
      <line num="56" type="stmt" count="0"/>
      <line num="59" type="stmt" count="0"/>
      <line num="68" type="stmt" count="0"/>
      <line num="71" type="stmt" count="0"/>
      <line num="73" type="stmt" count="0"/>
      <line num="83" type="stmt" count="0"/>
      <line num="86" type="stmt" count="0"/>
      <line num="89" type="stmt" count="0"/>
      <line num="91" type="stmt" count="0"/>
    </file>
    <file name="E:\codes-sources\dimtrov.dev\www\dimtrov\blitz\framework\src\Controllers\BaseController.php">
      <line num="85" type="stmt" count="0"/>
      <line num="86" type="stmt" count="0"/>
      <line num="87" type="stmt" count="0"/>
      <line num="90" type="stmt" count="0"/>
      <line num="93" type="stmt" count="0"/>
      <line num="95" type="stmt" count="0"/>
      <line num="107" type="stmt" count="0"/>
      <line num="108" type="stmt" count="0"/>
      <line num="116" type="stmt" count="0"/>
      <line num="134" type="stmt" count="0"/>
      <line num="143" type="stmt" count="0"/>
      <line num="154" type="stmt" count="0"/>
      <line num="156" type="stmt" count="0"/>
      <line num="159" type="stmt" count="0"/>
      <line num="160" type="stmt" count="0"/>
      <line num="163" type="stmt" count="0"/>
    </file>
    <file name="E:\codes-sources\dimtrov.dev\www\dimtrov\blitz\framework\src\Controllers\RestController.php">
      <line num="59" type="stmt" count="0"/>
      <line num="61" type="stmt" count="0"/>
      <line num="62" type="stmt" count="0"/>
      <line num="63" type="stmt" count="0"/>
      <line num="77" type="stmt" count="0"/>
      <line num="80" type="stmt" count="0"/>
      <line num="82" type="stmt" count="0"/>
      <line num="84" type="stmt" count="0"/>
      <line num="97" type="stmt" count="0"/>
      <line num="98" type="stmt" count="0"/>
      <line num="102" type="stmt" count="0"/>
      <line num="104" type="stmt" count="0"/>
      <line num="107" type="stmt" count="0"/>
      <line num="110" type="stmt" count="0"/>
      <line num="114" type="stmt" count="0"/>
      <line num="117" type="stmt" count="0"/>
      <line num="127" type="stmt" count="0"/>
      <line num="128" type="stmt" count="0"/>
      <line num="132" type="stmt" count="0"/>
      <line num="134" type="stmt" count="0"/>
      <line num="137" type="stmt" count="0"/>
      <line num="140" type="stmt" count="0"/>
      <line num="142" type="stmt" count="0"/>
      <line num="163" type="stmt" count="0"/>
      <line num="173" type="stmt" count="0"/>
      <line num="174" type="stmt" count="0"/>
      <line num="177" type="stmt" count="0"/>
      <line num="179" type="stmt" count="0"/>
      <line num="184" type="stmt" count="0"/>
      <line num="188" type="stmt" count="0"/>
      <line num="190" type="stmt" count="0"/>
      <line num="192" type="stmt" count="0"/>
      <line num="198" type="stmt" count="0"/>
      <line num="203" type="stmt" count="0"/>
      <line num="206" type="stmt" count="0"/>
      <line num="209" type="stmt" count="0"/>
    </file>
    <file name="E:\codes-sources\dimtrov.dev\www\dimtrov\blitz\framework\src\Core\App.php">
      <line num="56" type="stmt" count="0"/>
      <line num="59" type="stmt" count="0"/>
      <line num="60" type="stmt" count="0"/>
      <line num="62" type="stmt" count="0"/>
      <line num="64" type="stmt" count="0"/>
      <line num="68" type="stmt" count="0"/>
      <line num="73" type="stmt" count="0"/>
      <line num="77" type="stmt" count="0"/>
      <line num="121" type="stmt" count="0"/>
      <line num="122" type="stmt" count="0"/>
      <line num="124" type="stmt" count="0"/>
      <line num="126" type="stmt" count="0"/>
      <line num="129" type="stmt" count="0"/>
      <line num="130" type="stmt" count="0"/>
      <line num="133" type="stmt" count="0"/>
      <line num="139" type="stmt" count="0"/>
      <line num="141" type="stmt" count="0"/>
      <line num="144" type="stmt" count="0"/>
      <line num="154" type="stmt" count="0"/>
      <line num="174" type="stmt" count="0"/>
      <line num="189" type="stmt" count="0"/>
      <line num="192" type="stmt" count="0"/>
      <line num="197" type="stmt" count="0"/>
      <line num="198" type="stmt" count="0"/>
      <line num="201" type="stmt" count="0"/>
      <line num="204" type="stmt" count="0"/>
      <line num="208" type="stmt" count="0"/>
      <line num="212" type="stmt" count="0"/>
      <line num="216" type="stmt" count="0"/>
      <line num="218" type="stmt" count="0"/>
      <line num="222" type="stmt" count="0"/>
      <line num="225" type="stmt" count="0"/>
    </file>
    <file name="E:\codes-sources\dimtrov.dev\www\dimtrov\blitz\framework\src\Debug\Logger.php">
      <line num="59" type="stmt" count="0"/>
      <line num="61" type="stmt" count="0"/>
      <line num="64" type="stmt" count="0"/>
      <line num="68" type="stmt" count="0"/>
      <line num="77" type="stmt" count="0"/>
      <line num="85" type="stmt" count="0"/>
      <line num="93" type="stmt" count="0"/>
      <line num="101" type="stmt" count="0"/>
      <line num="109" type="stmt" count="0"/>
      <line num="117" type="stmt" count="0"/>
      <line num="125" type="stmt" count="0"/>
      <line num="133" type="stmt" count="0"/>
      <line num="141" type="stmt" count="0"/>
      <line num="151" type="stmt" count="0"/>
      <line num="152" type="stmt" count="0"/>
      <line num="155" type="stmt" count="0"/>
      <line num="156" type="stmt" count="0"/>
      <line num="159" type="stmt" count="0"/>
      <line num="160" type="stmt" count="0"/>
      <line num="163" type="stmt" count="0"/>
      <line num="164" type="stmt" count="0"/>
      <line num="167" type="stmt" count="0"/>
      <line num="168" type="stmt" count="0"/>
      <line num="171" type="stmt" count="0"/>
      <line num="172" type="stmt" count="0"/>
      <line num="176" type="stmt" count="0"/>
      <line num="177" type="stmt" count="0"/>
      <line num="188" type="stmt" count="0"/>
      <line num="189" type="stmt" count="0"/>
      <line num="190" type="stmt" count="0"/>
      <line num="193" type="stmt" count="0"/>
      <line num="195" type="stmt" count="0"/>
      <line num="200" type="stmt" count="0"/>
      <line num="210" type="stmt" count="0"/>
      <line num="214" type="stmt" count="0"/>
      <line num="224" type="stmt" count="0"/>
      <line num="228" type="stmt" count="0"/>
      <line num="233" type="stmt" count="0"/>
      <line num="237" type="stmt" count="0"/>
      <line num="247" type="stmt" count="0"/>
      <line num="251" type="stmt" count="0"/>
      <line num="261" type="stmt" count="0"/>
      <line num="265" type="stmt" count="0"/>
      <line num="275" type="stmt" count="0"/>
      <line num="279" type="stmt" count="0"/>
      <line num="291" type="stmt" count="0"/>
      <line num="292" type="stmt" count="0"/>
      <line num="295" type="stmt" count="0"/>
      <line num="296" type="stmt" count="0"/>
      <line num="299" type="stmt" count="0"/>
      <line num="300" type="stmt" count="0"/>
      <line num="303" type="stmt" count="0"/>
      <line num="304" type="stmt" count="0"/>
      <line num="307" type="stmt" count="0"/>
      <line num="308" type="stmt" count="0"/>
      <line num="311" type="stmt" count="0"/>
      <line num="312" type="stmt" count="0"/>
      <line num="315" type="stmt" count="0"/>
      <line num="316" type="stmt" count="0"/>
      <line num="319" type="stmt" count="0"/>
      <line num="331" type="stmt" count="0"/>
      <line num="335" type="stmt" count="0"/>
      <line num="338" type="stmt" count="0"/>
      <line num="343" type="stmt" count="0"/>
      <line num="344" type="stmt" count="0"/>
      <line num="347" type="stmt" count="0"/>
      <line num="348" type="stmt" count="0"/>
      <line num="351" type="stmt" count="0"/>
      <line num="352" type="stmt" count="0"/>
      <line num="355" type="stmt" count="0"/>
      <line num="356" type="stmt" count="0"/>
      <line num="359" type="stmt" count="0"/>
      <line num="360" type="stmt" count="0"/>
      <line num="363" type="stmt" count="0"/>
      <line num="366" type="stmt" count="0"/>
    </file>
    <file name="E:\codes-sources\dimtrov.dev\www\dimtrov\blitz\framework\src\Debug\Timer.php">
      <line num="39" type="stmt" count="0"/>
      <line num="41" type="stmt" count="0"/>
      <line num="54" type="stmt" count="0"/>
      <line num="57" type="stmt" count="0"/>
      <line num="60" type="stmt" count="0"/>
      <line num="62" type="stmt" count="0"/>
      <line num="77" type="stmt" count="0"/>
      <line num="80" type="stmt" count="0"/>
      <line num="83" type="stmt" count="0"/>
      <line num="91" type="stmt" count="0"/>
      <line num="94" type="stmt" count="0"/>
      <line num="97" type="stmt" count="0"/>
      <line num="105" type="stmt" count="0"/>
      <line num="117" type="stmt" count="0"/>
      <line num="120" type="stmt" count="0"/>
    </file>
    <file name="E:\codes-sources\dimtrov.dev\www\dimtrov\blitz\framework\src\Event\Event.php">
      <line num="58" type="stmt" count="0"/>
      <line num="59" type="stmt" count="0"/>
      <line num="60" type="stmt" count="0"/>
      <line num="68" type="stmt" count="0"/>
      <line num="76" type="stmt" count="0"/>
      <line num="84" type="stmt" count="0"/>
      <line num="92" type="stmt" count="0"/>
      <line num="100" type="stmt" count="0"/>
      <line num="108" type="stmt" count="0"/>
      <line num="116" type="stmt" count="0"/>
      <line num="124" type="stmt" count="0"/>
      <line num="132" type="stmt" count="0"/>
    </file>
    <file name="E:\codes-sources\dimtrov.dev\www\dimtrov\blitz\framework\src\Event\EventListenerManagerTrait.php">
      <line num="36" type="stmt" count="0"/>
      <line num="38" type="stmt" count="0"/>
      <line num="46" type="stmt" count="0"/>
      <line num="58" type="stmt" count="0"/>
      <line num="61" type="stmt" count="0"/>
      <line num="75" type="stmt" count="0"/>
      <line num="83" type="stmt" count="0"/>
    </file>
    <file name="E:\codes-sources\dimtrov.dev\www\dimtrov\blitz\framework\src\Event\EventManager.php">
      <line num="49" type="stmt" count="0"/>
      <line num="51" type="stmt" count="0"/>
      <line num="60" type="stmt" count="0"/>
      <line num="69" type="stmt" count="0"/>
      <line num="72" type="stmt" count="0"/>
      <line num="76" type="stmt" count="0"/>
      <line num="78" type="stmt" count="0"/>
      <line num="81" type="stmt" count="0"/>
      <line num="89" type="stmt" count="0"/>
      <line num="98" type="stmt" count="0"/>
      <line num="101" type="stmt" count="0"/>
      <line num="105" type="stmt" count="0"/>
      <line num="106" type="stmt" count="0"/>
      <line num="110" type="stmt" count="0"/>
      <line num="119" type="stmt" count="0"/>
      <line num="122" type="stmt" count="0"/>
      <line num="125" type="stmt" count="0"/>
      <line num="129" type="stmt" count="0"/>
      <line num="131" type="stmt" count="0"/>
      <line num="134" type="stmt" count="0"/>
      <line num="135" type="stmt" count="0"/>
      <line num="139" type="stmt" count="0"/>
      <line num="144" type="stmt" count="0"/>
      <line num="147" type="stmt" count="0"/>
      <line num="149" type="stmt" count="0"/>
      <line num="155" type="stmt" count="0"/>
      <line num="159" type="stmt" count="0"/>
      <line num="167" type="stmt" count="0"/>
    </file>
    <file name="E:\codes-sources\dimtrov.dev\www\dimtrov\blitz\framework\src\Exceptions\ConfigException.php">
      <line num="30" type="stmt" count="0"/>
      <line num="35" type="stmt" count="0"/>
      <line num="40" type="stmt" count="0"/>
    </file>
    <file name="E:\codes-sources\dimtrov.dev\www\dimtrov\blitz\framework\src\Exceptions\DebugTraceableTrait.php">
      <line num="31" type="stmt" count="2"/>
      <line num="33" type="stmt" count="2"/>
      <line num="39" type="stmt" count="2"/>
      <line num="54" type="stmt" count="0"/>
      <line num="56" type="stmt" count="0"/>
    </file>
    <file name="E:\codes-sources\dimtrov.dev\www\dimtrov\blitz\framework\src\Exceptions\DownloadException.php">
      <line num="25" type="stmt" count="0"/>
      <line num="30" type="stmt" count="0"/>
      <line num="35" type="stmt" count="0"/>
      <line num="40" type="stmt" count="0"/>
      <line num="45" type="stmt" count="0"/>
    </file>
    <file name="E:\codes-sources\dimtrov.dev\www\dimtrov\blitz\framework\src\Exceptions\FormatException.php">
      <line num="28" type="stmt" count="0"/>
      <line num="37" type="stmt" count="0"/>
      <line num="46" type="stmt" count="0"/>
      <line num="57" type="stmt" count="0"/>
    </file>
    <file name="E:\codes-sources\dimtrov.dev\www\dimtrov\blitz\framework\src\Exceptions\FrameworkException.php">
      <line num="28" type="stmt" count="0"/>
      <line num="33" type="stmt" count="0"/>
      <line num="38" type="stmt" count="0"/>
      <line num="48" type="stmt" count="0"/>
      <line num="51" type="stmt" count="0"/>
      <line num="54" type="stmt" count="0"/>
      <line num="59" type="stmt" count="0"/>
      <line num="64" type="stmt" count="0"/>
    </file>
    <file name="E:\codes-sources\dimtrov.dev\www\dimtrov\blitz\framework\src\Exceptions\HttpException.php">
      <line num="18" type="stmt" count="0"/>
      <line num="23" type="stmt" count="0"/>
      <line num="28" type="stmt" count="0"/>
    </file>
    <file name="E:\codes-sources\dimtrov.dev\www\dimtrov\blitz\framework\src\Exceptions\LoadException.php">
      <line num="29" type="stmt" count="0"/>
      <line num="34" type="stmt" count="0"/>
      <line num="39" type="stmt" count="0"/>
      <line num="44" type="stmt" count="0"/>
      <line num="49" type="stmt" count="0"/>
      <line num="54" type="stmt" count="0"/>
      <line num="59" type="stmt" count="0"/>
      <line num="64" type="stmt" count="0"/>
      <line num="69" type="stmt" count="0"/>
    </file>
    <file name="E:\codes-sources\dimtrov.dev\www\dimtrov\blitz\framework\src\Exceptions\ModelException.php">
      <line num="21" type="stmt" count="0"/>
      <line num="26" type="stmt" count="0"/>
    </file>
    <file name="E:\codes-sources\dimtrov.dev\www\dimtrov\blitz\framework\src\Exceptions\PageNotFoundException.php">
      <line num="29" type="stmt" count="0"/>
      <line num="34" type="stmt" count="0"/>
      <line num="39" type="stmt" count="0"/>
      <line num="44" type="stmt" count="0"/>
    </file>
    <file name="E:\codes-sources\dimtrov.dev\www\dimtrov\blitz\framework\src\Exceptions\RouterException.php">
      <line num="27" type="stmt" count="0"/>
      <line num="37" type="stmt" count="0"/>
      <line num="47" type="stmt" count="0"/>
      <line num="57" type="stmt" count="0"/>
    </file>
    <file name="E:\codes-sources\dimtrov.dev\www\dimtrov\blitz\framework\src\Exceptions\TestException.php">
      <line num="23" type="stmt" count="0"/>
    </file>
    <file name="E:\codes-sources\dimtrov.dev\www\dimtrov\blitz\framework\src\Exceptions\ViewException.php">
      <line num="18" type="stmt" count="0"/>
      <line num="23" type="stmt" count="0"/>
      <line num="28" type="stmt" count="0"/>
      <line num="33" type="stmt" count="0"/>
      <line num="38" type="stmt" count="0"/>
      <line num="43" type="stmt" count="0"/>
    </file>
    <file name="E:\codes-sources\dimtrov.dev\www\dimtrov\blitz\framework\src\Formatter\ArrayFormatter.php">
      <line num="29" type="stmt" count="0"/>
      <line num="32" type="stmt" count="0"/>
      <line num="36" type="stmt" count="0"/>
      <line num="38" type="stmt" count="0"/>
      <line num="42" type="stmt" count="0"/>
    </file>
    <file name="E:\codes-sources\dimtrov.dev\www\dimtrov\blitz\framework\src\Formatter\CsvFormatter.php">
      <line num="45" type="stmt" count="0"/>
      <line num="47" type="stmt" count="0"/>
      <line num="51" type="stmt" count="0"/>
      <line num="56" type="stmt" count="0"/>
      <line num="58" type="stmt" count="0"/>
      <line num="59" type="stmt" count="0"/>
      <line num="63" type="stmt" count="0"/>
      <line num="69" type="stmt" count="0"/>
      <line num="74" type="stmt" count="0"/>
      <line num="76" type="stmt" count="0"/>
      <line num="79" type="stmt" count="0"/>
      <line num="81" type="stmt" count="0"/>
      <line num="83" type="stmt" count="0"/>
      <line num="86" type="stmt" count="0"/>
      <line num="94" type="stmt" count="0"/>
      <line num="102" type="stmt" count="0"/>
      <line num="104" type="stmt" count="0"/>
      <line num="112" type="stmt" count="0"/>
      <line num="120" type="stmt" count="0"/>
      <line num="122" type="stmt" count="0"/>
    </file>
    <file name="E:\codes-sources\dimtrov.dev\www\dimtrov\blitz\framework\src\Formatter\Formatter.php">
      <line num="57" type="stmt" count="0"/>
      <line num="60" type="stmt" count="0"/>
      <line num="63" type="stmt" count="0"/>
      <line num="66" type="stmt" count="0"/>
      <line num="69" type="stmt" count="0"/>
      <line num="72" type="stmt" count="0"/>
    </file>
    <file name="E:\codes-sources\dimtrov.dev\www\dimtrov\blitz\framework\src\Formatter\JsonFormatter.php">
      <line num="32" type="stmt" count="0"/>
      <line num="35" type="stmt" count="0"/>
      <line num="41" type="stmt" count="0"/>
      <line num="46" type="stmt" count="0"/>
      <line num="48" type="stmt" count="0"/>
    </file>
    <file name="E:\codes-sources\dimtrov.dev\www\dimtrov\blitz\framework\src\Formatter\XmlFormatter.php">
      <line num="42" type="stmt" count="0"/>
      <line num="47" type="stmt" count="0"/>
      <line num="53" type="stmt" count="0"/>
      <line num="58" type="stmt" count="0"/>
      <line num="60" type="stmt" count="0"/>
      <line num="64" type="stmt" count="0"/>
      <line num="67" type="stmt" count="0"/>
      <line num="69" type="stmt" count="0"/>
      <line num="73" type="stmt" count="0"/>
      <line num="78" type="stmt" count="0"/>
      <line num="81" type="stmt" count="0"/>
      <line num="82" type="stmt" count="0"/>
      <line num="83" type="stmt" count="0"/>
      <line num="86" type="stmt" count="0"/>
      <line num="88" type="stmt" count="0"/>
      <line num="92" type="stmt" count="0"/>
    </file>
    <file name="E:\codes-sources\dimtrov.dev\www\dimtrov\blitz\framework\src\Helpers\common.php">
      <line num="36" type="stmt" count="0"/>
      <line num="71" type="stmt" count="0"/>
      <line num="83" type="stmt" count="0"/>
      <line num="85" type="stmt" count="0"/>
      <line num="110" type="stmt" count="2"/>
      <line num="113" type="stmt" count="2"/>
      <line num="126" type="stmt" count="0"/>
      <line num="129" type="stmt" count="0"/>
      <line num="131" type="stmt" count="0"/>
      <line num="142" type="stmt" count="0"/>
      <line num="145" type="stmt" count="0"/>
      <line num="147" type="stmt" count="0"/>
      <line num="157" type="stmt" count="0"/>
      <line num="159" type="stmt" count="0"/>
      <line num="169" type="stmt" count="0"/>
      <line num="179" type="stmt" count="0"/>
      <line num="189" type="stmt" count="0"/>
      <line num="199" type="stmt" count="0"/>
      <line num="209" type="stmt" count="0"/>
      <line num="220" type="stmt" count="0"/>
      <line num="230" type="stmt" count="0"/>
      <line num="245" type="stmt" count="0"/>
      <line num="248" type="stmt" count="0"/>
      <line num="256" type="stmt" count="0"/>
      <line num="270" type="stmt" count="0"/>
      <line num="288" type="stmt" count="0"/>
      <line num="294" type="stmt" count="0"/>
      <line num="312" type="stmt" count="0"/>
      <line num="314" type="stmt" count="0"/>
      <line num="317" type="stmt" count="0"/>
      <line num="319" type="stmt" count="0"/>
      <line num="329" type="stmt" count="0"/>
      <line num="331" type="stmt" count="0"/>
      <line num="333" type="stmt" count="0"/>
      <line num="349" type="stmt" count="0"/>
      <line num="352" type="stmt" count="0"/>
      <line num="355" type="stmt" count="0"/>
      <line num="369" type="stmt" count="0"/>
      <line num="371" type="stmt" count="0"/>
      <line num="378" type="stmt" count="0"/>
      <line num="391" type="stmt" count="0"/>
      <line num="395" type="stmt" count="0"/>
      <line num="398" type="stmt" count="0"/>
      <line num="401" type="stmt" count="0"/>
      <line num="404" type="stmt" count="0"/>
      <line num="407" type="stmt" count="0"/>
      <line num="424" type="stmt" count="0"/>
      <line num="425" type="stmt" count="0"/>
      <line num="427" type="stmt" count="0"/>
      <line num="443" type="stmt" count="0"/>
      <line num="468" type="stmt" count="0"/>
      <line num="471" type="stmt" count="0"/>
      <line num="474" type="stmt" count="0"/>
      <line num="494" type="stmt" count="0"/>
      <line num="497" type="stmt" count="0"/>
      <line num="501" type="stmt" count="0"/>
      <line num="504" type="stmt" count="0"/>
      <line num="523" type="stmt" count="0"/>
      <line num="524" type="stmt" count="0"/>
      <line num="526" type="stmt" count="0"/>
      <line num="547" type="stmt" count="0"/>
      <line num="557" type="stmt" count="0"/>
      <line num="606" type="stmt" count="0"/>
      <line num="609" type="stmt" count="0"/>
      <line num="613" type="stmt" count="0"/>
      <line num="618" type="stmt" count="0"/>
      <line num="620" type="stmt" count="0"/>
      <line num="623" type="stmt" count="0"/>
      <line num="632" type="stmt" count="0"/>
      <line num="635" type="stmt" count="0"/>
      <line num="637" type="stmt" count="0"/>
      <line num="639" type="stmt" count="0"/>
      <line num="653" type="stmt" count="0"/>
      <line num="663" type="stmt" count="0"/>
      <line num="673" type="stmt" count="0"/>
      <line num="690" type="stmt" count="0"/>
      <line num="706" type="stmt" count="0"/>
      <line num="708" type="stmt" count="0"/>
      <line num="711" type="stmt" count="0"/>
      <line num="721" type="stmt" count="0"/>
      <line num="722" type="stmt" count="0"/>
      <line num="723" type="stmt" count="0"/>
      <line num="725" type="stmt" count="0"/>
      <line num="737" type="stmt" count="0"/>
      <line num="739" type="stmt" count="0"/>
      <line num="741" type="stmt" count="0"/>
      <line num="783" type="stmt" count="0"/>
      <line num="806" type="stmt" count="0"/>
      <line num="820" type="stmt" count="0"/>
      <line num="834" type="stmt" count="0"/>
    </file>
    <file name="E:\codes-sources\dimtrov.dev\www\dimtrov\blitz\framework\src\Http\Cookie\Cookie.php">
      <line num="151" type="stmt" count="0"/>
      <line num="152" type="stmt" count="0"/>
      <line num="154" type="stmt" count="0"/>
      <line num="156" type="stmt" count="0"/>
      <line num="157" type="stmt" count="0"/>
      <line num="158" type="stmt" count="0"/>
      <line num="159" type="stmt" count="0"/>
      <line num="161" type="stmt" count="0"/>
      <line num="163" type="stmt" count="0"/>
      <line num="164" type="stmt" count="0"/>
      <line num="168" type="stmt" count="0"/>
      <line num="170" type="stmt" count="0"/>
      <line num="172" type="stmt" count="0"/>
      <line num="191" type="stmt" count="0"/>
      <line num="194" type="stmt" count="0"/>
      <line num="197" type="stmt" count="0"/>
      <line num="209" type="stmt" count="0"/>
      <line num="210" type="stmt" count="0"/>
      <line num="221" type="stmt" count="0"/>
      <line num="234" type="stmt" count="0"/>
      <line num="239" type="stmt" count="0"/>
      <line num="246" type="stmt" count="0"/>
      <line num="250" type="stmt" count="0"/>
      <line num="254" type="stmt" count="0"/>
      <line num="257" type="stmt" count="0"/>
      <line num="270" type="stmt" count="0"/>
      <line num="271" type="stmt" count="0"/>
      <line num="273" type="stmt" count="0"/>
      <line num="276" type="stmt" count="0"/>
      <line num="280" type="stmt" count="0"/>
      <line num="284" type="stmt" count="0"/>
      <line num="286" type="stmt" count="0"/>
      <line num="287" type="stmt" count="0"/>
      <line num="290" type="stmt" count="0"/>
      <line num="291" type="stmt" count="0"/>
      <line num="295" type="stmt" count="0"/>
      <line num="296" type="stmt" count="0"/>
      <line num="303" type="stmt" count="0"/>
      <line num="307" type="stmt" count="0"/>
      <line num="308" type="stmt" count="0"/>
      <line num="309" type="stmt" count="0"/>
      <line num="315" type="stmt" count="0"/>
      <line num="323" type="stmt" count="0"/>
      <line num="326" type="stmt" count="0"/>
      <line num="328" type="stmt" count="0"/>
      <line num="330" type="stmt" count="0"/>
      <line num="333" type="stmt" count="0"/>
      <line num="336" type="stmt" count="0"/>
      <line num="339" type="stmt" count="0"/>
      <line num="342" type="stmt" count="0"/>
      <line num="345" type="stmt" count="0"/>
      <line num="348" type="stmt" count="0"/>
      <line num="351" type="stmt" count="0"/>
      <line num="359" type="stmt" count="0"/>
      <line num="360" type="stmt" count="0"/>
      <line num="361" type="stmt" count="0"/>
      <line num="363" type="stmt" count="0"/>
      <line num="371" type="stmt" count="0"/>
      <line num="379" type="stmt" count="0"/>
      <line num="394" type="stmt" count="0"/>
      <line num="398" type="stmt" count="0"/>
      <line num="407" type="stmt" count="0"/>
      <line num="417" type="stmt" count="0"/>
      <line num="420" type="stmt" count="0"/>
      <line num="428" type="stmt" count="0"/>
      <line num="429" type="stmt" count="0"/>
      <line num="431" type="stmt" count="0"/>
      <line num="441" type="stmt" count="0"/>
      <line num="442" type="stmt" count="0"/>
      <line num="450" type="stmt" count="0"/>
      <line num="451" type="stmt" count="0"/>
      <line num="453" type="stmt" count="0"/>
      <line num="461" type="stmt" count="0"/>
      <line num="469" type="stmt" count="0"/>
      <line num="470" type="stmt" count="0"/>
      <line num="472" type="stmt" count="0"/>
      <line num="480" type="stmt" count="0"/>
      <line num="488" type="stmt" count="0"/>
      <line num="496" type="stmt" count="0"/>
      <line num="497" type="stmt" count="0"/>
      <line num="499" type="stmt" count="0"/>
      <line num="507" type="stmt" count="0"/>
      <line num="508" type="stmt" count="0"/>
      <line num="510" type="stmt" count="0"/>
      <line num="518" type="stmt" count="0"/>
      <line num="526" type="stmt" count="0"/>
      <line num="527" type="stmt" count="0"/>
      <line num="529" type="stmt" count="0"/>
      <line num="537" type="stmt" count="0"/>
      <line num="546" type="stmt" count="0"/>
      <line num="549" type="stmt" count="0"/>
      <line num="558" type="stmt" count="0"/>
      <line num="561" type="stmt" count="0"/>
      <line num="569" type="stmt" count="0"/>
      <line num="571" type="stmt" count="0"/>
      <line num="574" type="stmt" count="0"/>
      <line num="582" type="stmt" count="0"/>
      <line num="583" type="stmt" count="0"/>
      <line num="585" type="stmt" count="0"/>
      <line num="593" type="stmt" count="0"/>
      <line num="594" type="stmt" count="0"/>
      <line num="596" type="stmt" count="0"/>
      <line num="604" type="stmt" count="0"/>
      <line num="613" type="stmt" count="0"/>
      <line num="616" type="stmt" count="0"/>
      <line num="617" type="stmt" count="0"/>
      <line num="619" type="stmt" count="0"/>
      <line num="632" type="stmt" count="0"/>
      <line num="646" type="stmt" count="0"/>
      <line num="650" type="stmt" count="0"/>
      <line num="660" type="stmt" count="0"/>
      <line num="663" type="stmt" count="0"/>
      <line num="667" type="stmt" count="0"/>
      <line num="669" type="stmt" count="0"/>
      <line num="677" type="stmt" count="0"/>
      <line num="680" type="stmt" count="0"/>
      <line num="684" type="stmt" count="0"/>
      <line num="686" type="stmt" count="0"/>
      <line num="699" type="stmt" count="0"/>
      <line num="703" type="stmt" count="0"/>
      <line num="707" type="stmt" count="0"/>
      <line num="715" type="stmt" count="0"/>
      <line num="729" type="stmt" count="0"/>
      <line num="732" type="stmt" count="0"/>
      <line num="735" type="stmt" count="0"/>
      <line num="746" type="stmt" count="0"/>
      <line num="758" type="stmt" count="0"/>
      <line num="771" type="stmt" count="0"/>
      <line num="772" type="stmt" count="0"/>
      <line num="774" type="stmt" count="0"/>
      <line num="776" type="stmt" count="0"/>
      <line num="779" type="stmt" count="0"/>
      <line num="782" type="stmt" count="0"/>
      <line num="784" type="stmt" count="0"/>
      <line num="786" type="stmt" count="0"/>
      <line num="789" type="stmt" count="0"/>
    </file>
    <file name="E:\codes-sources\dimtrov.dev\www\dimtrov\blitz\framework\src\Http\Cookie\CookieCollection.php">
      <line num="50" type="stmt" count="0"/>
      <line num="53" type="stmt" count="0"/>
      <line num="65" type="stmt" count="0"/>
      <line num="69" type="stmt" count="0"/>
      <line num="75" type="stmt" count="0"/>
      <line num="83" type="stmt" count="0"/>
      <line num="84" type="stmt" count="0"/>
      <line num="87" type="stmt" count="0"/>
      <line num="90" type="stmt" count="0"/>
      <line num="98" type="stmt" count="0"/>
      <line num="110" type="stmt" count="0"/>
      <line num="111" type="stmt" count="0"/>
      <line num="113" type="stmt" count="0"/>
      <line num="123" type="stmt" count="0"/>
      <line num="127" type="stmt" count="0"/>
      <line num="136" type="stmt" count="0"/>
      <line num="144" type="stmt" count="0"/>
      <line num="148" type="stmt" count="0"/>
      <line num="152" type="stmt" count="0"/>
      <line num="162" type="stmt" count="0"/>
      <line num="163" type="stmt" count="0"/>
      <line num="167" type="stmt" count="0"/>
      <line num="171" type="stmt" count="0"/>
      <line num="192" type="stmt" count="0"/>
      <line num="204" type="stmt" count="0"/>
      <line num="219" type="stmt" count="0"/>
      <line num="224" type="stmt" count="0"/>
      <line num="225" type="stmt" count="0"/>
      <line num="226" type="stmt" count="0"/>
      <line num="229" type="stmt" count="0"/>
      <line num="230" type="stmt" count="0"/>
      <line num="235" type="stmt" count="0"/>
      <line num="237" type="stmt" count="0"/>
      <line num="241" type="stmt" count="0"/>
      <line num="244" type="stmt" count="0"/>
      <line num="252" type="stmt" count="0"/>
      <line num="253" type="stmt" count="0"/>
      <line num="257" type="stmt" count="0"/>
      <line num="260" type="stmt" count="0"/>
      <line num="262" type="stmt" count="0"/>
      <line num="263" type="stmt" count="0"/>
      <line num="265" type="stmt" count="0"/>
      <line num="269" type="stmt" count="0"/>
      <line num="272" type="stmt" count="0"/>
      <line num="274" type="stmt" count="0"/>
      <line num="277" type="stmt" count="0"/>
      <line num="280" type="stmt" count="0"/>
      <line num="288" type="stmt" count="0"/>
      <line num="289" type="stmt" count="0"/>
      <line num="290" type="stmt" count="0"/>
      <line num="295" type="stmt" count="0"/>
      <line num="296" type="stmt" count="0"/>
      <line num="299" type="stmt" count="0"/>
      <line num="301" type="stmt" count="0"/>
      <line num="303" type="stmt" count="0"/>
      <line num="311" type="stmt" count="0"/>
      <line num="312" type="stmt" count="0"/>
      <line num="316" type="stmt" count="0"/>
      <line num="318" type="stmt" count="0"/>
      <line num="319" type="stmt" count="0"/>
      <line num="321" type="stmt" count="0"/>
    </file>
    <file name="E:\codes-sources\dimtrov.dev\www\dimtrov\blitz\framework\src\Http\Middleware.php">
      <line num="42" type="stmt" count="0"/>
      <line num="53" type="stmt" count="0"/>
      <line num="57" type="stmt" count="0"/>
      <line num="60" type="stmt" count="0"/>
      <line num="70" type="stmt" count="0"/>
      <line num="71" type="stmt" count="0"/>
      <line num="73" type="stmt" count="0"/>
      <line num="83" type="stmt" count="0"/>
      <line num="84" type="stmt" count="0"/>
      <line num="86" type="stmt" count="0"/>
      <line num="97" type="stmt" count="0"/>
      <line num="111" type="stmt" count="0"/>
      <line num="112" type="stmt" count="0"/>
      <line num="114" type="stmt" count="0"/>
      <line num="130" type="stmt" count="0"/>
      <line num="131" type="stmt" count="0"/>
      <line num="135" type="stmt" count="0"/>
      <line num="136" type="stmt" count="0"/>
      <line num="140" type="stmt" count="0"/>
      <line num="143" type="stmt" count="0"/>
      <line num="158" type="stmt" count="0"/>
      <line num="159" type="stmt" count="0"/>
      <line num="163" type="stmt" count="0"/>
      <line num="164" type="stmt" count="0"/>
      <line num="168" type="stmt" count="0"/>
      <line num="171" type="stmt" count="0"/>
      <line num="179" type="stmt" count="0"/>
      <line num="182" type="stmt" count="0"/>
      <line num="185" type="stmt" count="0"/>
      <line num="188" type="stmt" count="0"/>
      <line num="201" type="stmt" count="0"/>
      <line num="204" type="stmt" count="0"/>
      <line num="214" type="stmt" count="0"/>
      <line num="217" type="stmt" count="0"/>
      <line num="219" type="stmt" count="0"/>
      <line num="221" type="stmt" count="0"/>
    </file>
    <file name="E:\codes-sources\dimtrov.dev\www\dimtrov\blitz\framework\src\Http\Negotiator.php">
      <line num="33" type="stmt" count="0"/>
      <line num="42" type="stmt" count="0"/>
      <line num="44" type="stmt" count="0"/>
      <line num="60" type="stmt" count="0"/>
      <line num="73" type="stmt" count="0"/>
      <line num="78" type="stmt" count="0"/>
      <line num="81" type="stmt" count="0"/>
      <line num="94" type="stmt" count="0"/>
      <line num="96" type="stmt" count="0"/>
      <line num="109" type="stmt" count="0"/>
      <line num="133" type="stmt" count="0"/>
      <line num="137" type="stmt" count="0"/>
      <line num="140" type="stmt" count="0"/>
      <line num="145" type="stmt" count="0"/>
      <line num="150" type="stmt" count="0"/>
      <line num="156" type="stmt" count="0"/>
      <line num="162" type="stmt" count="0"/>
      <line num="172" type="stmt" count="0"/>
      <line num="173" type="stmt" count="0"/>
      <line num="176" type="stmt" count="0"/>
      <line num="178" type="stmt" count="0"/>
      <line num="180" type="stmt" count="0"/>
      <line num="182" type="stmt" count="0"/>
      <line num="185" type="stmt" count="0"/>
      <line num="190" type="stmt" count="0"/>
      <line num="191" type="stmt" count="0"/>
      <line num="194" type="stmt" count="0"/>
      <line num="197" type="stmt" count="0"/>
      <line num="198" type="stmt" count="0"/>
      <line num="205" type="stmt" count="0"/>
      <line num="211" type="stmt" count="0"/>
      <line num="212" type="stmt" count="0"/>
      <line num="221" type="stmt" count="0"/>
      <line num="231" type="stmt" count="0"/>
      <line num="234" type="stmt" count="0"/>
      <line num="238" type="stmt" count="0"/>
      <line num="239" type="stmt" count="0"/>
      <line num="241" type="stmt" count="0"/>
      <line num="249" type="stmt" count="0"/>
      <line num="251" type="stmt" count="0"/>
      <line num="256" type="stmt" count="0"/>
      <line num="262" type="stmt" count="0"/>
      <line num="265" type="stmt" count="0"/>
      <line num="275" type="stmt" count="0"/>
      <line num="280" type="stmt" count="0"/>
      <line num="284" type="stmt" count="0"/>
      <line num="293" type="stmt" count="0"/>
      <line num="294" type="stmt" count="0"/>
      <line num="298" type="stmt" count="0"/>
      <line num="303" type="stmt" count="0"/>
      <line num="307" type="stmt" count="0"/>
    </file>
    <file name="E:\codes-sources\dimtrov.dev\www\dimtrov\blitz\framework\src\Http\Redirection.php">
      <line num="36" type="stmt" count="0"/>
      <line num="39" type="stmt" count="0"/>
      <line num="50" type="stmt" count="0"/>
      <line num="53" type="stmt" count="0"/>
      <line num="56" type="stmt" count="0"/>
      <line num="67" type="stmt" count="0"/>
      <line num="69" type="stmt" count="0"/>
      <line num="80" type="stmt" count="0"/>
      <line num="97" type="stmt" count="0"/>
      <line num="109" type="stmt" count="0"/>
      <line num="120" type="stmt" count="0"/>
      <line num="123" type="stmt" count="0"/>
      <line num="126" type="stmt" count="0"/>
    </file>
    <file name="E:\codes-sources\dimtrov.dev\www\dimtrov\blitz\framework\src\Http\Response.php">
      <line num="449" type="stmt" count="0"/>
      <line num="450" type="stmt" count="0"/>
      <line num="454" type="stmt" count="0"/>
      <line num="456" type="stmt" count="0"/>
      <line num="458" type="stmt" count="0"/>
      <line num="462" type="stmt" count="0"/>
      <line num="466" type="stmt" count="0"/>
      <line num="470" type="stmt" count="0"/>
      <line num="472" type="stmt" count="0"/>
      <line num="474" type="stmt" count="0"/>
      <line num="476" type="stmt" count="0"/>
      <line num="478" type="stmt" count="0"/>
      <line num="480" type="stmt" count="0"/>
      <line num="488" type="stmt" count="0"/>
      <line num="498" type="stmt" count="0"/>
      <line num="500" type="stmt" count="0"/>
      <line num="504" type="stmt" count="0"/>
      <line num="506" type="stmt" count="0"/>
      <line num="514" type="stmt" count="0"/>
      <line num="518" type="stmt" count="0"/>
      <line num="520" type="stmt" count="0"/>
      <line num="536" type="stmt" count="0"/>
      <line num="541" type="stmt" count="0"/>
      <line num="547" type="stmt" count="0"/>
      <line num="552" type="stmt" count="0"/>
      <line num="554" type="stmt" count="0"/>
      <line num="569" type="stmt" count="0"/>
      <line num="571" type="stmt" count="0"/>
      <line num="574" type="stmt" count="0"/>
      <line num="584" type="stmt" count="0"/>
      <line num="585" type="stmt" count="0"/>
      <line num="586" type="stmt" count="0"/>
      <line num="596" type="stmt" count="0"/>
      <line num="598" type="stmt" count="0"/>
      <line num="600" type="stmt" count="0"/>
      <line num="601" type="stmt" count="0"/>
      <line num="612" type="stmt" count="0"/>
      <line num="647" type="stmt" count="0"/>
      <line num="648" type="stmt" count="0"/>
      <line num="650" type="stmt" count="0"/>
      <line num="661" type="stmt" count="0"/>
      <line num="664" type="stmt" count="0"/>
      <line num="666" type="stmt" count="0"/>
      <line num="668" type="stmt" count="0"/>
      <line num="672" type="stmt" count="0"/>
      <line num="690" type="stmt" count="0"/>
      <line num="705" type="stmt" count="0"/>
      <line num="713" type="stmt" count="0"/>
      <line num="715" type="stmt" count="0"/>
      <line num="718" type="stmt" count="0"/>
      <line num="731" type="stmt" count="0"/>
      <line num="732" type="stmt" count="0"/>
      <line num="733" type="stmt" count="0"/>
      <line num="735" type="stmt" count="0"/>
      <line num="749" type="stmt" count="0"/>
      <line num="751" type="stmt" count="0"/>
      <line num="754" type="stmt" count="0"/>
      <line num="757" type="stmt" count="0"/>
      <line num="771" type="stmt" count="0"/>
      <line num="786" type="stmt" count="0"/>
      <line num="791" type="stmt" count="0"/>
      <line num="795" type="stmt" count="0"/>
      <line num="803" type="stmt" count="0"/>
      <line num="811" type="stmt" count="0"/>
      <line num="812" type="stmt" count="0"/>
      <line num="813" type="stmt" count="0"/>
      <line num="815" type="stmt" count="0"/>
      <line num="825" type="stmt" count="0"/>
      <line num="837" type="stmt" count="0"/>
      <line num="841" type="stmt" count="0"/>
      <line num="850" type="stmt" count="0"/>
      <line num="862" type="stmt" count="0"/>
      <line num="863" type="stmt" count="0"/>
      <line num="865" type="stmt" count="0"/>
      <line num="866" type="stmt" count="0"/>
      <line num="869" type="stmt" count="0"/>
      <line num="871" type="stmt" count="0"/>
      <line num="873" type="stmt" count="0"/>
      <line num="886" type="stmt" count="0"/>
      <line num="887" type="stmt" count="0"/>
      <line num="888" type="stmt" count="0"/>
      <line num="890" type="stmt" count="0"/>
      <line num="903" type="stmt" count="0"/>
      <line num="904" type="stmt" count="0"/>
      <line num="905" type="stmt" count="0"/>
      <line num="907" type="stmt" count="0"/>
      <line num="922" type="stmt" count="0"/>
      <line num="924" type="stmt" count="0"/>
      <line num="926" type="stmt" count="0"/>
      <line num="928" type="stmt" count="0"/>
      <line num="930" type="stmt" count="0"/>
      <line num="939" type="stmt" count="0"/>
      <line num="942" type="stmt" count="0"/>
      <line num="943" type="stmt" count="0"/>
      <line num="945" type="stmt" count="0"/>
      <line num="946" type="stmt" count="0"/>
      <line num="966" type="stmt" count="0"/>
      <line num="968" type="stmt" count="0"/>
      <line num="988" type="stmt" count="0"/>
      <line num="990" type="stmt" count="0"/>
      <line num="1002" type="stmt" count="0"/>
      <line num="1003" type="stmt" count="0"/>
      <line num="1013" type="stmt" count="0"/>
      <line num="1016" type="stmt" count="0"/>
      <line num="1029" type="stmt" count="0"/>
      <line num="1030" type="stmt" count="0"/>
      <line num="1039" type="stmt" count="0"/>
      <line num="1042" type="stmt" count="0"/>
      <line num="1045" type="stmt" count="0"/>
      <line num="1059" type="stmt" count="0"/>
      <line num="1084" type="stmt" count="0"/>
      <line num="1086" type="stmt" count="0"/>
      <line num="1098" type="stmt" count="0"/>
      <line num="1100" type="stmt" count="0"/>
      <line num="1102" type="stmt" count="0"/>
      <line num="1106" type="stmt" count="0"/>
      <line num="1119" type="stmt" count="0"/>
      <line num="1121" type="stmt" count="0"/>
      <line num="1130" type="stmt" count="0"/>
      <line num="1140" type="stmt" count="0"/>
      <line num="1150" type="stmt" count="0"/>
      <line num="1175" type="stmt" count="0"/>
      <line num="1178" type="stmt" count="0"/>
      <line num="1181" type="stmt" count="0"/>
      <line num="1183" type="stmt" count="0"/>
      <line num="1186" type="stmt" count="0"/>
      <line num="1207" type="stmt" count="0"/>
      <line num="1208" type="stmt" count="0"/>
      <line num="1209" type="stmt" count="0"/>
      <line num="1211" type="stmt" count="0"/>
      <line num="1214" type="stmt" count="0"/>
      <line num="1215" type="stmt" count="0"/>
      <line num="1217" type="stmt" count="0"/>
      <line num="1220" type="stmt" count="0"/>
      <line num="1222" type="stmt" count="0"/>
      <line num="1224" type="stmt" count="0"/>
      <line num="1227" type="stmt" count="0"/>
      <line num="1237" type="stmt" count="0"/>
      <line num="1239" type="stmt" count="0"/>
      <line num="1253" type="stmt" count="0"/>
      <line num="1254" type="stmt" count="0"/>
      <line num="1256" type="stmt" count="0"/>
      <line num="1270" type="stmt" count="0"/>
      <line num="1272" type="stmt" count="0"/>
      <line num="1273" type="stmt" count="0"/>
      <line num="1275" type="stmt" count="0"/>
      <line num="1291" type="stmt" count="0"/>
      <line num="1294" type="stmt" count="0"/>
      <line num="1304" type="stmt" count="0"/>
      <line num="1306" type="stmt" count="0"/>
      <line num="1309" type="stmt" count="0"/>
      <line num="1312" type="stmt" count="0"/>
      <line num="1320" type="stmt" count="0"/>
      <line num="1328" type="stmt" count="0"/>
      <line num="1329" type="stmt" count="0"/>
      <line num="1331" type="stmt" count="0"/>
      <line num="1355" type="stmt" count="0"/>
      <line num="1359" type="stmt" count="0"/>
      <line num="1361" type="stmt" count="0"/>
      <line num="1362" type="stmt" count="0"/>
      <line num="1364" type="stmt" count="0"/>
      <line num="1367" type="stmt" count="0"/>
      <line num="1369" type="stmt" count="0"/>
      <line num="1372" type="stmt" count="0"/>
      <line num="1374" type="stmt" count="0"/>
      <line num="1377" type="stmt" count="0"/>
      <line num="1379" type="stmt" count="0"/>
      <line num="1383" type="stmt" count="0"/>
      <line num="1385" type="stmt" count="0"/>
      <line num="1387" type="stmt" count="0"/>
      <line num="1390" type="stmt" count="0"/>
      <line num="1391" type="stmt" count="0"/>
      <line num="1393" type="stmt" count="0"/>
      <line num="1395" type="stmt" count="0"/>
      <line num="1397" type="stmt" count="0"/>
      <line num="1398" type="stmt" count="0"/>
      <line num="1400" type="stmt" count="0"/>
      <line num="1410" type="stmt" count="0"/>
      <line num="1411" type="stmt" count="0"/>
      <line num="1412" type="stmt" count="0"/>
      <line num="1414" type="stmt" count="0"/>
      <line num="1425" type="stmt" count="0"/>
      <line num="1428" type="stmt" count="0"/>
      <line num="1431" type="stmt" count="0"/>
      <line num="1434" type="stmt" count="0"/>
      <line num="1437" type="stmt" count="0"/>
      <line num="1440" type="stmt" count="0"/>
      <line num="1450" type="stmt" count="0"/>
      <line num="1464" type="stmt" count="0"/>
      <line num="1465" type="stmt" count="0"/>
      <line num="1466" type="stmt" count="0"/>
      <line num="1467" type="stmt" count="0"/>
      <line num="1469" type="stmt" count="0"/>
      <line num="1471" type="stmt" count="0"/>
      <line num="1472" type="stmt" count="0"/>
      <line num="1476" type="stmt" count="0"/>
      <line num="1477" type="stmt" count="0"/>
      <line num="1480" type="stmt" count="0"/>
      <line num="1484" type="stmt" count="0"/>
      <line num="1485" type="stmt" count="0"/>
      <line num="1487" type="stmt" count="0"/>
      <line num="1491" type="stmt" count="0"/>
      <line num="1492" type="stmt" count="0"/>
      <line num="1493" type="stmt" count="0"/>
      <line num="1498" type="stmt" count="0"/>
      <line num="1517" type="stmt" count="0"/>
    </file>
    <file name="E:\codes-sources\dimtrov.dev\www\dimtrov\blitz\framework\src\Http\ResponseEmitter.php">
      <line num="35" type="stmt" count="0"/>
      <line num="37" type="stmt" count="0"/>
      <line num="39" type="stmt" count="0"/>
      <line num="42" type="stmt" count="0"/>
      <line num="45" type="stmt" count="0"/>
      <line num="46" type="stmt" count="0"/>
      <line num="47" type="stmt" count="0"/>
      <line num="49" type="stmt" count="0"/>
      <line num="51" type="stmt" count="0"/>
      <line num="53" type="stmt" count="0"/>
      <line num="57" type="stmt" count="0"/>
      <line num="58" type="stmt" count="0"/>
      <line num="74" type="stmt" count="0"/>
      <line num="76" type="stmt" count="0"/>
      <line num="81" type="stmt" count="0"/>
      <line num="83" type="stmt" count="0"/>
      <line num="85" type="stmt" count="0"/>
      <line num="92" type="stmt" count="0"/>
      <line num="93" type="stmt" count="0"/>
      <line num="97" type="stmt" count="0"/>
      <line num="110" type="stmt" count="0"/>
      <line num="112" type="stmt" count="0"/>
      <line num="115" type="stmt" count="0"/>
      <line num="117" type="stmt" count="0"/>
      <line num="120" type="stmt" count="0"/>
      <line num="123" type="stmt" count="0"/>
      <line num="137" type="stmt" count="0"/>
      <line num="139" type="stmt" count="0"/>
      <line num="142" type="stmt" count="0"/>
      <line num="143" type="stmt" count="0"/>
      <line num="145" type="stmt" count="0"/>
      <line num="148" type="stmt" count="0"/>
      <line num="149" type="stmt" count="0"/>
      <line num="150" type="stmt" count="0"/>
      <line num="151" type="stmt" count="0"/>
      <line num="155" type="stmt" count="0"/>
      <line num="156" type="stmt" count="0"/>
      <line num="159" type="stmt" count="0"/>
      <line num="160" type="stmt" count="0"/>
      <line num="174" type="stmt" count="0"/>
      <line num="180" type="stmt" count="0"/>
      <line num="202" type="stmt" count="0"/>
      <line num="204" type="stmt" count="0"/>
      <line num="208" type="stmt" count="0"/>
      <line num="209" type="stmt" count="0"/>
      <line num="211" type="stmt" count="0"/>
      <line num="214" type="stmt" count="0"/>
      <line num="223" type="stmt" count="0"/>
      <line num="227" type="stmt" count="0"/>
      <line num="229" type="stmt" count="0"/>
      <line num="230" type="stmt" count="0"/>
      <line num="233" type="stmt" count="0"/>
      <line num="234" type="stmt" count="0"/>
      <line num="237" type="stmt" count="0"/>
      <line num="247" type="stmt" count="0"/>
      <line num="262" type="stmt" count="0"/>
      <line num="266" type="stmt" count="0"/>
      <line num="287" type="stmt" count="0"/>
      <line num="290" type="stmt" count="0"/>
    </file>
    <file name="E:\codes-sources\dimtrov.dev\www\dimtrov\blitz\framework\src\Http\ServerRequest.php">
      <line num="228" type="stmt" count="2"/>
      <line num="230" type="stmt" count="2"/>
      <line num="243" type="stmt" count="2"/>
      <line num="247" type="stmt" count="2"/>
      <line num="250" type="stmt" count="2"/>
      <line num="254" type="stmt" count="0"/>
      <line num="256" type="stmt" count="0"/>
      <line num="259" type="stmt" count="2"/>
      <line num="261" type="stmt" count="2"/>
      <line num="264" type="stmt" count="2"/>
      <line num="266" type="stmt" count="2"/>
      <line num="267" type="stmt" count="2"/>
      <line num="268" type="stmt" count="2"/>
      <line num="271" type="stmt" count="2"/>
      <line num="272" type="stmt" count="0"/>
      <line num="273" type="stmt" count="0"/>
      <line num="275" type="stmt" count="2"/>
      <line num="277" type="stmt" count="2"/>
      <line num="279" type="stmt" count="2"/>
      <line num="280" type="stmt" count="2"/>
      <line num="281" type="stmt" count="2"/>
      <line num="282" type="stmt" count="2"/>
      <line num="283" type="stmt" count="2"/>
      <line num="294" type="stmt" count="0"/>
      <line num="298" type="stmt" count="0"/>
      <line num="300" type="stmt" count="0"/>
      <line num="301" type="stmt" count="0"/>
      <line num="304" type="stmt" count="0"/>
      <line num="306" type="stmt" count="0"/>
      <line num="314" type="stmt" count="0"/>
      <line num="316" type="stmt" count="0"/>
      <line num="319" type="stmt" count="0"/>
      <line num="327" type="stmt" count="0"/>
      <line num="336" type="stmt" count="0"/>
      <line num="337" type="stmt" count="0"/>
      <line num="338" type="stmt" count="0"/>
      <line num="341" type="stmt" count="0"/>
      <line num="342" type="stmt" count="0"/>
      <line num="346" type="stmt" count="0"/>
      <line num="349" type="stmt" count="0"/>
      <line num="353" type="stmt" count="0"/>
      <line num="355" type="stmt" count="0"/>
      <line num="357" type="stmt" count="0"/>
      <line num="360" type="stmt" count="0"/>
      <line num="370" type="stmt" count="0"/>
      <line num="371" type="stmt" count="0"/>
      <line num="379" type="stmt" count="0"/>
      <line num="390" type="stmt" count="0"/>
      <line num="392" type="stmt" count="0"/>
      <line num="395" type="stmt" count="0"/>
      <line num="397" type="stmt" count="0"/>
      <line num="400" type="stmt" count="0"/>
      <line num="403" type="stmt" count="0"/>
      <line num="406" type="stmt" count="0"/>
      <line num="410" type="stmt" count="0"/>
      <line num="423" type="stmt" count="0"/>
      <line num="425" type="stmt" count="0"/>
      <line num="427" type="stmt" count="0"/>
      <line num="430" type="stmt" count="0"/>
      <line num="449" type="stmt" count="0"/>
      <line num="453" type="stmt" count="0"/>
      <line num="456" type="stmt" count="0"/>
      <line num="458" type="stmt" count="0"/>
      <line num="461" type="stmt" count="0"/>
      <line num="464" type="stmt" count="0"/>
      <line num="472" type="stmt" count="0"/>
      <line num="485" type="stmt" count="0"/>
      <line num="487" type="stmt" count="0"/>
      <line num="489" type="stmt" count="0"/>
      <line num="492" type="stmt" count="0"/>
      <line num="495" type="stmt" count="0"/>
      <line num="498" type="stmt" count="0"/>
      <line num="501" type="stmt" count="0"/>
      <line num="513" type="stmt" count="0"/>
      <line num="517" type="stmt" count="0"/>
      <line num="521" type="stmt" count="0"/>
      <line num="534" type="stmt" count="0"/>
      <line num="537" type="stmt" count="0"/>
      <line num="540" type="stmt" count="0"/>
      <line num="544" type="stmt" count="0"/>
      <line num="556" type="stmt" count="0"/>
      <line num="558" type="stmt" count="0"/>
      <line num="560" type="stmt" count="0"/>
      <line num="563" type="stmt" count="0"/>
      <line num="566" type="stmt" count="0"/>
      <line num="580" type="stmt" count="0"/>
      <line num="583" type="stmt" count="0"/>
      <line num="586" type="stmt" count="0"/>
      <line num="588" type="stmt" count="0"/>
      <line num="592" type="stmt" count="0"/>
      <line num="610" type="stmt" count="0"/>
      <line num="614" type="stmt" count="0"/>
      <line num="693" type="stmt" count="0"/>
      <line num="695" type="stmt" count="0"/>
      <line num="697" type="stmt" count="0"/>
      <line num="701" type="stmt" count="0"/>
      <line num="703" type="stmt" count="0"/>
      <line num="711" type="stmt" count="0"/>
      <line num="713" type="stmt" count="0"/>
      <line num="716" type="stmt" count="0"/>
      <line num="734" type="stmt" count="0"/>
      <line num="737" type="stmt" count="0"/>
      <line num="739" type="stmt" count="0"/>
      <line num="742" type="stmt" count="0"/>
      <line num="745" type="stmt" count="0"/>
      <line num="746" type="stmt" count="0"/>
      <line num="747" type="stmt" count="0"/>
      <line num="751" type="stmt" count="0"/>
      <line num="763" type="stmt" count="0"/>
      <line num="765" type="stmt" count="0"/>
      <line num="783" type="stmt" count="0"/>
      <line num="785" type="stmt" count="0"/>
      <line num="788" type="stmt" count="0"/>
      <line num="802" type="stmt" count="0"/>
      <line num="804" type="stmt" count="0"/>
      <line num="817" type="stmt" count="0"/>
      <line num="818" type="stmt" count="0"/>
      <line num="819" type="stmt" count="0"/>
      <line num="821" type="stmt" count="0"/>
      <line num="837" type="stmt" count="0"/>
      <line num="838" type="stmt" count="0"/>
      <line num="839" type="stmt" count="0"/>
      <line num="841" type="stmt" count="0"/>
      <line num="843" type="stmt" count="0"/>
      <line num="844" type="stmt" count="0"/>
      <line num="846" type="stmt" count="0"/>
      <line num="858" type="stmt" count="0"/>
      <line num="859" type="stmt" count="0"/>
      <line num="860" type="stmt" count="0"/>
      <line num="862" type="stmt" count="0"/>
      <line num="880" type="stmt" count="2"/>
      <line num="892" type="stmt" count="2"/>
      <line num="901" type="stmt" count="0"/>
      <line num="903" type="stmt" count="2"/>
      <line num="905" type="stmt" count="2"/>
      <line num="918" type="stmt" count="0"/>
      <line num="929" type="stmt" count="0"/>
      <line num="941" type="stmt" count="0"/>
      <line num="942" type="stmt" count="0"/>
      <line num="944" type="stmt" count="0"/>
      <line num="953" type="stmt" count="0"/>
      <line num="956" type="stmt" count="0"/>
      <line num="965" type="stmt" count="0"/>
      <line num="968" type="stmt" count="0"/>
      <line num="979" type="stmt" count="0"/>
      <line num="982" type="stmt" count="0"/>
      <line num="995" type="stmt" count="0"/>
      <line num="997" type="stmt" count="0"/>
      <line num="1000" type="stmt" count="0"/>
      <line num="1001" type="stmt" count="0"/>
      <line num="1003" type="stmt" count="0"/>
      <line num="1016" type="stmt" count="0"/>
      <line num="1018" type="stmt" count="0"/>
      <line num="1021" type="stmt" count="0"/>
      <line num="1023" type="stmt" count="0"/>
      <line num="1051" type="stmt" count="0"/>
      <line num="1052" type="stmt" count="0"/>
      <line num="1055" type="stmt" count="0"/>
[...]
      <line num="491" type="stmt" count="0"/>
      <line num="503" type="stmt" count="0"/>
      <line num="512" type="stmt" count="0"/>
      <line num="515" type="stmt" count="0"/>
      <line num="524" type="stmt" count="0"/>
      <line num="527" type="stmt" count="0"/>
      <line num="535" type="stmt" count="0"/>
      <line num="543" type="stmt" count="0"/>
      <line num="551" type="stmt" count="0"/>
      <line num="554" type="stmt" count="0"/>
      <line num="556" type="stmt" count="0"/>
      <line num="558" type="stmt" count="0"/>
      <line num="561" type="stmt" count="0"/>
      <line num="571" type="stmt" count="0"/>
      <line num="573" type="stmt" count="0"/>
      <line num="578" type="stmt" count="0"/>
      <line num="581" type="stmt" count="0"/>
      <line num="584" type="stmt" count="0"/>
      <line num="592" type="stmt" count="0"/>
      <line num="594" type="stmt" count="0"/>
      <line num="597" type="stmt" count="0"/>
      <line num="600" type="stmt" count="0"/>
      <line num="609" type="stmt" count="0"/>
      <line num="612" type="stmt" count="0"/>
      <line num="615" type="stmt" count="0"/>
      <line num="618" type="stmt" count="0"/>
      <line num="626" type="stmt" count="0"/>
      <line num="629" type="stmt" count="0"/>
      <line num="632" type="stmt" count="0"/>
      <line num="644" type="stmt" count="0"/>
      <line num="671" type="stmt" count="0"/>
      <line num="677" type="stmt" count="0"/>
      <line num="680" type="stmt" count="0"/>
      <line num="683" type="stmt" count="0"/>
      <line num="685" type="stmt" count="0"/>
      <line num="687" type="stmt" count="0"/>
      <line num="691" type="stmt" count="0"/>
      <line num="693" type="stmt" count="0"/>
      <line num="695" type="stmt" count="0"/>
      <line num="697" type="stmt" count="0"/>
      <line num="705" type="stmt" count="0"/>
      <line num="707" type="stmt" count="0"/>
      <line num="719" type="stmt" count="0"/>
      <line num="723" type="stmt" count="0"/>
      <line num="740" type="stmt" count="0"/>
      <line num="742" type="stmt" count="0"/>
      <line num="746" type="stmt" count="0"/>
      <line num="749" type="stmt" count="0"/>
      <line num="753" type="stmt" count="0"/>
      <line num="755" type="stmt" count="0"/>
      <line num="758" type="stmt" count="0"/>
      <line num="760" type="stmt" count="0"/>
      <line num="774" type="stmt" count="0"/>
      <line num="776" type="stmt" count="0"/>
      <line num="779" type="stmt" count="0"/>
      <line num="781" type="stmt" count="0"/>
      <line num="783" type="stmt" count="0"/>
      <line num="787" type="stmt" count="0"/>
      <line num="791" type="stmt" count="0"/>
      <line num="795" type="stmt" count="0"/>
      <line num="796" type="stmt" count="0"/>
      <line num="797" type="stmt" count="0"/>
      <line num="801" type="stmt" count="0"/>
      <line num="805" type="stmt" count="0"/>
      <line num="808" type="stmt" count="0"/>
      <line num="809" type="stmt" count="0"/>
      <line num="810" type="stmt" count="0"/>
      <line num="812" type="stmt" count="0"/>
      <line num="813" type="stmt" count="0"/>
      <line num="816" type="stmt" count="0"/>
      <line num="819" type="stmt" count="0"/>
      <line num="821" type="stmt" count="0"/>
      <line num="823" type="stmt" count="0"/>
      <line num="826" type="stmt" count="0"/>
      <line num="827" type="stmt" count="0"/>
      <line num="830" type="stmt" count="0"/>
      <line num="837" type="stmt" count="0"/>
      <line num="840" type="stmt" count="0"/>
      <line num="841" type="stmt" count="0"/>
      <line num="844" type="stmt" count="0"/>
      <line num="845" type="stmt" count="0"/>
      <line num="847" type="stmt" count="0"/>
      <line num="851" type="stmt" count="0"/>
      <line num="875" type="stmt" count="0"/>
      <line num="876" type="stmt" count="0"/>
      <line num="877" type="stmt" count="0"/>
      <line num="882" type="stmt" count="0"/>
      <line num="885" type="stmt" count="0"/>
      <line num="888" type="stmt" count="0"/>
      <line num="890" type="stmt" count="0"/>
      <line num="891" type="stmt" count="0"/>
      <line num="894" type="stmt" count="0"/>
      <line num="902" type="stmt" count="0"/>
      <line num="919" type="stmt" count="0"/>
      <line num="922" type="stmt" count="0"/>
      <line num="923" type="stmt" count="0"/>
      <line num="924" type="stmt" count="0"/>
      <line num="925" type="stmt" count="0"/>
      <line num="926" type="stmt" count="0"/>
      <line num="927" type="stmt" count="0"/>
      <line num="930" type="stmt" count="0"/>
      <line num="935" type="stmt" count="0"/>
      <line num="937" type="stmt" count="0"/>
      <line num="939" type="stmt" count="0"/>
      <line num="943" type="stmt" count="0"/>
      <line num="945" type="stmt" count="0"/>
      <line num="946" type="stmt" count="0"/>
      <line num="948" type="stmt" count="0"/>
      <line num="952" type="stmt" count="0"/>
      <line num="955" type="stmt" count="0"/>
      <line num="960" type="stmt" count="0"/>
      <line num="961" type="stmt" count="0"/>
      <line num="963" type="stmt" count="0"/>
      <line num="967" type="stmt" count="0"/>
      <line num="969" type="stmt" count="0"/>
      <line num="970" type="stmt" count="0"/>
      <line num="974" type="stmt" count="0"/>
      <line num="978" type="stmt" count="0"/>
      <line num="981" type="stmt" count="0"/>
      <line num="996" type="stmt" count="0"/>
      <line num="999" type="stmt" count="0"/>
      <line num="1018" type="stmt" count="0"/>
      <line num="1021" type="stmt" count="0"/>
      <line num="1047" type="stmt" count="0"/>
      <line num="1049" type="stmt" count="0"/>
      <line num="1051" type="stmt" count="0"/>
      <line num="1053" type="stmt" count="0"/>
      <line num="1054" type="stmt" count="0"/>
      <line num="1057" type="stmt" count="0"/>
      <line num="1059" type="stmt" count="0"/>
      <line num="1060" type="stmt" count="0"/>
      <line num="1061" type="stmt" count="0"/>
      <line num="1062" type="stmt" count="0"/>
      <line num="1064" type="stmt" count="0"/>
      <line num="1067" type="stmt" count="0"/>
      <line num="1069" type="stmt" count="0"/>
      <line num="1075" type="stmt" count="0"/>
      <line num="1077" type="stmt" count="0"/>
      <line num="1079" type="stmt" count="0"/>
      <line num="1084" type="stmt" count="0"/>
      <line num="1087" type="stmt" count="0"/>
      <line num="1088" type="stmt" count="0"/>
      <line num="1090" type="stmt" count="0"/>
      <line num="1094" type="stmt" count="0"/>
      <line num="1096" type="stmt" count="0"/>
      <line num="1101" type="stmt" count="0"/>
      <line num="1104" type="stmt" count="0"/>
      <line num="1105" type="stmt" count="0"/>
      <line num="1108" type="stmt" count="0"/>
      <line num="1112" type="stmt" count="0"/>
      <line num="1114" type="stmt" count="0"/>
      <line num="1117" type="stmt" count="0"/>
      <line num="1121" type="stmt" count="0"/>
      <line num="1126" type="stmt" count="0"/>
      <line num="1130" type="stmt" count="0"/>
      <line num="1138" type="stmt" count="0"/>
      <line num="1146" type="stmt" count="0"/>
      <line num="1154" type="stmt" count="0"/>
      <line num="1157" type="stmt" count="0"/>
      <line num="1160" type="stmt" count="0"/>
      <line num="1172" type="stmt" count="0"/>
      <line num="1175" type="stmt" count="0"/>
      <line num="1292" type="stmt" count="0"/>
      <line num="1304" type="stmt" count="0"/>
      <line num="1330" type="stmt" count="0"/>
      <line num="1333" type="stmt" count="0"/>
      <line num="1346" type="stmt" count="0"/>
      <line num="1360" type="stmt" count="0"/>
      <line num="1370" type="stmt" count="0"/>
      <line num="1382" type="stmt" count="0"/>
      <line num="1383" type="stmt" count="0"/>
    </file>
    <file name="E:\codes-sources\dimtrov.dev\www\dimtrov\blitz\framework\src\View\Adapters\AbstractAdapter.php">
      <line num="59" type="stmt" count="0"/>
      <line num="60" type="stmt" count="0"/>
      <line num="72" type="stmt" count="0"/>
      <line num="74" type="stmt" count="0"/>
      <line num="86" type="stmt" count="0"/>
      <line num="88" type="stmt" count="0"/>
      <line num="100" type="stmt" count="0"/>
      <line num="102" type="stmt" count="0"/>
      <line num="110" type="stmt" count="0"/>
      <line num="112" type="stmt" count="0"/>
      <line num="120" type="stmt" count="0"/>
      <line num="122" type="stmt" count="0"/>
      <line num="130" type="stmt" count="0"/>
    </file>
    <file name="E:\codes-sources\dimtrov.dev\www\dimtrov\blitz\framework\src\View\Adapters\BladeAdapter.php">
      <line num="30" type="stmt" count="0"/>
      <line num="35" type="stmt" count="0"/>
      <line num="37" type="stmt" count="0"/>
      <line num="45" type="stmt" count="0"/>
      <line num="47" type="stmt" count="0"/>
      <line num="49" type="stmt" count="0"/>
      <line num="50" type="stmt" count="0"/>
      <line num="52" type="stmt" count="0"/>
      <line num="54" type="stmt" count="0"/>
      <line num="62" type="stmt" count="0"/>
      <line num="66" type="stmt" count="0"/>
      <line num="70" type="stmt" count="0"/>
      <line num="74" type="stmt" count="0"/>
    </file>
    <file name="E:\codes-sources\dimtrov.dev\www\dimtrov\blitz\framework\src\View\Adapters\LatteAdapter.php">
      <line num="31" type="stmt" count="0"/>
      <line num="33" type="stmt" count="0"/>
      <line num="35" type="stmt" count="0"/>
      <line num="43" type="stmt" count="0"/>
      <line num="45" type="stmt" count="0"/>
      <line num="48" type="stmt" count="0"/>
      <line num="50" type="stmt" count="0"/>
      <line num="51" type="stmt" count="0"/>
      <line num="53" type="stmt" count="0"/>
      <line num="55" type="stmt" count="0"/>
      <line num="64" type="stmt" count="0"/>
      <line num="66" type="stmt" count="0"/>
      <line num="70" type="stmt" count="0"/>
      <line num="72" type="stmt" count="0"/>
      <line num="74" type="stmt" count="0"/>
      <line num="76" type="stmt" count="0"/>
      <line num="77" type="stmt" count="0"/>
    </file>
    <file name="E:\codes-sources\dimtrov.dev\www\dimtrov\blitz\framework\src\View\Adapters\NativeAdapter.php">
      <line num="74" type="stmt" count="0"/>
      <line num="76" type="stmt" count="0"/>
      <line num="84" type="stmt" count="0"/>
      <line num="86" type="stmt" count="0"/>
      <line num="89" type="stmt" count="0"/>
      <line num="90" type="stmt" count="0"/>
      <line num="91" type="stmt" count="0"/>
      <line num="96" type="stmt" count="0"/>
      <line num="100" type="stmt" count="0"/>
      <line num="101" type="stmt" count="0"/>
      <line num="103" type="stmt" count="0"/>
      <line num="106" type="stmt" count="0"/>
      <line num="108" type="stmt" count="0"/>
      <line num="112" type="stmt" count="0"/>
      <line num="115" type="stmt" count="0"/>
      <line num="119" type="stmt" count="0"/>
      <line num="122" type="stmt" count="0"/>
      <line num="125" type="stmt" count="0"/>
      <line num="126" type="stmt" count="0"/>
      <line num="127" type="stmt" count="0"/>
      <line num="129" type="stmt" count="0"/>
      <line num="130" type="stmt" count="0"/>
      <line num="133" type="stmt" count="0"/>
      <line num="139" type="stmt" count="0"/>
      <line num="140" type="stmt" count="0"/>
      <line num="142" type="stmt" count="0"/>
      <line num="143" type="stmt" count="0"/>
      <line num="145" type="stmt" count="0"/>
      <line num="148" type="stmt" count="0"/>
      <line num="152" type="stmt" count="0"/>
      <line num="153" type="stmt" count="0"/>
      <line num="157" type="stmt" count="0"/>
      <line num="162" type="stmt" count="0"/>
      <line num="165" type="stmt" count="0"/>
      <line num="167" type="stmt" count="0"/>
      <line num="175" type="stmt" count="0"/>
      <line num="176" type="stmt" count="0"/>
      <line num="177" type="stmt" count="0"/>
      <line num="180" type="stmt" count="0"/>
      <line num="181" type="stmt" count="0"/>
      <line num="182" type="stmt" count="0"/>
      <line num="184" type="stmt" count="0"/>
      <line num="185" type="stmt" count="0"/>
      <line num="187" type="stmt" count="0"/>
      <line num="188" type="stmt" count="0"/>
      <line num="190" type="stmt" count="0"/>
      <line num="198" type="stmt" count="0"/>
      <line num="210" type="stmt" count="0"/>
      <line num="212" type="stmt" count="0"/>
      <line num="224" type="stmt" count="0"/>
      <line num="225" type="stmt" count="0"/>
      <line num="227" type="stmt" count="0"/>
      <line num="239" type="stmt" count="0"/>
      <line num="240" type="stmt" count="0"/>
      <line num="242" type="stmt" count="0"/>
      <line num="250" type="stmt" count="0"/>
      <line num="258" type="stmt" count="0"/>
      <line num="266" type="stmt" count="0"/>
      <line num="268" type="stmt" count="0"/>
      <line num="278" type="stmt" count="0"/>
      <line num="288" type="stmt" count="0"/>
      <line num="298" type="stmt" count="0"/>
      <line num="301" type="stmt" count="0"/>
      <line num="304" type="stmt" count="0"/>
      <line num="308" type="stmt" count="0"/>
      <line num="311" type="stmt" count="0"/>
      <line num="322" type="stmt" count="0"/>
      <line num="333" type="stmt" count="0"/>
      <line num="342" type="stmt" count="0"/>
      <line num="344" type="stmt" count="0"/>
      <line num="347" type="stmt" count="0"/>
      <line num="349" type="stmt" count="0"/>
      <line num="350" type="stmt" count="0"/>
      <line num="353" type="stmt" count="0"/>
      <line num="354" type="stmt" count="0"/>
      <line num="357" type="stmt" count="0"/>
      <line num="360" type="stmt" count="0"/>
      <line num="361" type="stmt" count="0"/>
      <line num="363" type="stmt" count="0"/>
      <line num="371" type="stmt" count="0"/>
      <line num="381" type="stmt" count="0"/>
      <line num="382" type="stmt" count="0"/>
      <line num="385" type="stmt" count="0"/>
      <line num="387" type="stmt" count="0"/>
      <line num="389" type="stmt" count="0"/>
      <line num="391" type="stmt" count="0"/>
      <line num="393" type="stmt" count="0"/>
      <line num="395" type="stmt" count="0"/>
      <line num="399" type="stmt" count="0"/>
      <line num="411" type="stmt" count="0"/>
      <line num="420" type="stmt" count="0"/>
      <line num="433" type="stmt" count="0"/>
      <line num="439" type="stmt" count="0"/>
      <line num="442" type="stmt" count="0"/>
    </file>
    <file name="E:\codes-sources\dimtrov.dev\www\dimtrov\blitz\framework\src\View\Adapters\PlatesAdapter.php">
      <line num="38" type="stmt" count="0"/>
      <line num="40" type="stmt" count="0"/>
      <line num="41" type="stmt" count="0"/>
      <line num="43" type="stmt" count="0"/>
      <line num="51" type="stmt" count="0"/>
      <line num="53" type="stmt" count="0"/>
      <line num="55" type="stmt" count="0"/>
      <line num="56" type="stmt" count="0"/>
      <line num="58" type="stmt" count="0"/>
      <line num="60" type="stmt" count="0"/>
      <line num="69" type="stmt" count="0"/>
      <line num="71" type="stmt" count="0"/>
      <line num="75" type="stmt" count="0"/>
      <line num="76" type="stmt" count="0"/>
      <line num="78" type="stmt" count="0"/>
      <line num="80" type="stmt" count="0"/>
      <line num="84" type="stmt" count="0"/>
    </file>
    <file name="E:\codes-sources\dimtrov.dev\www\dimtrov\blitz\framework\src\View\Adapters\SmartyAdapter.php">
      <line num="30" type="stmt" count="0"/>
      <line num="32" type="stmt" count="0"/>
      <line num="34" type="stmt" count="0"/>
      <line num="42" type="stmt" count="0"/>
      <line num="44" type="stmt" count="0"/>
      <line num="52" type="stmt" count="0"/>
      <line num="54" type="stmt" count="0"/>
      <line num="57" type="stmt" count="0"/>
      <line num="58" type="stmt" count="0"/>
      <line num="59" type="stmt" count="0"/>
      <line num="60" type="stmt" count="0"/>
      <line num="62" type="stmt" count="0"/>
      <line num="65" type="stmt" count="0"/>
      <line num="67" type="stmt" count="0"/>
      <line num="70" type="stmt" count="0"/>
      <line num="74" type="stmt" count="0"/>
      <line num="75" type="stmt" count="0"/>
      <line num="76" type="stmt" count="0"/>
      <line num="84" type="stmt" count="0"/>
      <line num="93" type="stmt" count="0"/>
      <line num="95" type="stmt" count="0"/>
      <line num="103" type="stmt" count="0"/>
      <line num="108" type="stmt" count="0"/>
      <line num="116" type="stmt" count="0"/>
      <line num="120" type="stmt" count="0"/>
    </file>
    <file name="E:\codes-sources\dimtrov.dev\www\dimtrov\blitz\framework\src\View\Adapters\TwigAdapter.php">
      <line num="33" type="stmt" count="0"/>
      <line num="39" type="stmt" count="0"/>
      <line num="40" type="stmt" count="0"/>
      <line num="42" type="stmt" count="0"/>
      <line num="55" type="stmt" count="0"/>
      <line num="57" type="stmt" count="0"/>
      <line num="60" type="stmt" count="0"/>
      <line num="62" type="stmt" count="0"/>
      <line num="63" type="stmt" count="0"/>
      <line num="65" type="stmt" count="0"/>
      <line num="67" type="stmt" count="0"/>
      <line num="76" type="stmt" count="0"/>
      <line num="78" type="stmt" count="0"/>
      <line num="82" type="stmt" count="0"/>
      <line num="84" type="stmt" count="0"/>
      <line num="87" type="stmt" count="0"/>
      <line num="89" type="stmt" count="0"/>
      <line num="92" type="stmt" count="0"/>
      <line num="94" type="stmt" count="0"/>
      <line num="97" type="stmt" count="0"/>
      <line num="99" type="stmt" count="0"/>
      <line num="102" type="stmt" count="0"/>
      <line num="104" type="stmt" count="0"/>
      <line num="107" type="stmt" count="0"/>
      <line num="109" type="stmt" count="0"/>
      <line num="112" type="stmt" count="0"/>
      <line num="114" type="stmt" count="0"/>
      <line num="117" type="stmt" count="0"/>
      <line num="120" type="stmt" count="0"/>
      <line num="124" type="stmt" count="0"/>
      <line num="128" type="stmt" count="0"/>
      <line num="133" type="stmt" count="0"/>
      <line num="137" type="stmt" count="0"/>
    </file>
    <file name="E:\codes-sources\dimtrov.dev\www\dimtrov\blitz\framework\src\View\View.php">
      <line num="69" type="stmt" count="0"/>
      <line num="71" type="stmt" count="0"/>
      <line num="76" type="stmt" count="0"/>
      <line num="86" type="stmt" count="0"/>
      <line num="88" type="stmt" count="0"/>
      <line num="96" type="stmt" count="0"/>
      <line num="98" type="stmt" count="0"/>
      <line num="106" type="stmt" count="0"/>
      <line num="108" type="stmt" count="0"/>
      <line num="116" type="stmt" count="0"/>
      <line num="118" type="stmt" count="0"/>
      <line num="126" type="stmt" count="0"/>
      <line num="128" type="stmt" count="0"/>
      <line num="138" type="stmt" count="0"/>
      <line num="140" type="stmt" count="0"/>
      <line num="148" type="stmt" count="0"/>
      <line num="150" type="stmt" count="0"/>
      <line num="158" type="stmt" count="0"/>
      <line num="160" type="stmt" count="0"/>
      <line num="168" type="stmt" count="0"/>
      <line num="170" type="stmt" count="0"/>
      <line num="179" type="stmt" count="0"/>
      <line num="182" type="stmt" count="0"/>
      <line num="185" type="stmt" count="0"/>
      <line num="187" type="stmt" count="0"/>
      <line num="190" type="stmt" count="0"/>
      <line num="192" type="stmt" count="0"/>
      <line num="203" type="stmt" count="0"/>
      <line num="206" type="stmt" count="0"/>
    </file>
    <metrics loc="25580" ncloc="21575" statements="4005" coveredstatements="141"/>
  </project>
</coverage>
